22-Aug-2023 15:21:39.151 INFO [main] org.apache.catalina.startup.VersionLoggerListener.log 서버 버전 이름:    Apache Tomcat/9.0.71
22-Aug-2023 15:21:39.155 INFO [main] org.apache.catalina.startup.VersionLoggerListener.log Server 빌드 시각:  Jan 9 2023 22:33:01 UTC
22-Aug-2023 15:21:39.155 INFO [main] org.apache.catalina.startup.VersionLoggerListener.log Server 버전 번호:  9.0.71.0
22-Aug-2023 15:21:39.155 INFO [main] org.apache.catalina.startup.VersionLoggerListener.log 운영체제 이름:     Windows 10
22-Aug-2023 15:21:39.155 INFO [main] org.apache.catalina.startup.VersionLoggerListener.log 운영체제 버전:     10.0
22-Aug-2023 15:21:39.155 INFO [main] org.apache.catalina.startup.VersionLoggerListener.log 아키텍처:          amd64
22-Aug-2023 15:21:39.156 INFO [main] org.apache.catalina.startup.VersionLoggerListener.log 자바 홈:           C:\Program Files\Java\jdk-11
22-Aug-2023 15:21:39.156 INFO [main] org.apache.catalina.startup.VersionLoggerListener.log JVM 버전:          11.0.19+9-LTS-224
22-Aug-2023 15:21:39.156 INFO [main] org.apache.catalina.startup.VersionLoggerListener.log JVM 벤더:          Oracle Corporation
22-Aug-2023 15:21:39.156 INFO [main] org.apache.catalina.startup.VersionLoggerListener.log CATALINA_BASE:     C:\Users\it\Documents\jspwrokspace\apache-tomcat-9.0.71
22-Aug-2023 15:21:39.156 INFO [main] org.apache.catalina.startup.VersionLoggerListener.log CATALINA_HOME:     C:\Users\it\Documents\jspwrokspace\apache-tomcat-9.0.71
22-Aug-2023 15:21:39.163 INFO [main] org.apache.catalina.startup.VersionLoggerListener.log 명령 행 아규먼트:  --add-opens=java.base/java.lang=ALL-UNNAMED
22-Aug-2023 15:21:39.163 INFO [main] org.apache.catalina.startup.VersionLoggerListener.log 명령 행 아규먼트:  --add-opens=java.base/java.io=ALL-UNNAMED
22-Aug-2023 15:21:39.164 INFO [main] org.apache.catalina.startup.VersionLoggerListener.log 명령 행 아규먼트:  --add-opens=java.base/java.util=ALL-UNNAMED
22-Aug-2023 15:21:39.164 INFO [main] org.apache.catalina.startup.VersionLoggerListener.log 명령 행 아규먼트:  --add-opens=java.base/java.util.concurrent=ALL-UNNAMED
22-Aug-2023 15:21:39.164 INFO [main] org.apache.catalina.startup.VersionLoggerListener.log 명령 행 아규먼트:  --add-opens=java.rmi/sun.rmi.transport=ALL-UNNAMED
22-Aug-2023 15:21:39.165 INFO [main] org.apache.catalina.startup.VersionLoggerListener.log 명령 행 아규먼트:  -Djava.util.logging.config.file=C:\Users\it\Documents\jspwrokspace\apache-tomcat-9.0.71\conf\logging.properties
22-Aug-2023 15:21:39.165 INFO [main] org.apache.catalina.startup.VersionLoggerListener.log 명령 행 아규먼트:  -Djava.util.logging.manager=org.apache.juli.ClassLoaderLogManager
22-Aug-2023 15:21:39.165 INFO [main] org.apache.catalina.startup.VersionLoggerListener.log 명령 행 아규먼트:  -Djdk.tls.ephemeralDHKeySize=2048
22-Aug-2023 15:21:39.166 INFO [main] org.apache.catalina.startup.VersionLoggerListener.log 명령 행 아규먼트:  -Djava.protocol.handler.pkgs=org.apache.catalina.webresources
22-Aug-2023 15:21:39.166 INFO [main] org.apache.catalina.startup.VersionLoggerListener.log 명령 행 아규먼트:  -Dignore.endorsed.dirs=
22-Aug-2023 15:21:39.166 INFO [main] org.apache.catalina.startup.VersionLoggerListener.log 명령 행 아규먼트:  -Dcatalina.base=C:\Users\it\Documents\jspwrokspace\apache-tomcat-9.0.71
22-Aug-2023 15:21:39.167 INFO [main] org.apache.catalina.startup.VersionLoggerListener.log 명령 행 아규먼트:  -Dcatalina.home=C:\Users\it\Documents\jspwrokspace\apache-tomcat-9.0.71
22-Aug-2023 15:21:39.167 INFO [main] org.apache.catalina.startup.VersionLoggerListener.log 명령 행 아규먼트:  -Djava.io.tmpdir=C:\Users\it\Documents\jspwrokspace\apache-tomcat-9.0.71\temp
22-Aug-2023 15:21:39.172 INFO [main] org.apache.catalina.core.AprLifecycleListener.lifecycleEvent 프로덕션 환경들에서 최적의 성능을 제공하는, APR 기반 Apache Tomcat Native 라이브러리가, 다음 java.library.path에서 발견되지 않습니다: [C:\Program Files\Java\jdk-11\bin;C:\Windows\Sun\Java\bin;C:\Windows\system32;C:\Windows;C:\Program Files\Common Files\Oracle\Java\javapath;C:\oraclexe\app\oracle\product\11.2.0\server\bin;;C:\Windows\system32;C:\Windows;C:\Windows\System32\Wbem;C:\Windows\System32\WindowsPowerShell\v1.0\;C:\Windows\System32\OpenSSH\;C:\Program Files\Git\cmd;C:\Users\it\AppData\Local\Microsoft\WindowsApps;;C:\Users\it\AppData\Local\Programs\Microsoft VS Code\bin;.]
22-Aug-2023 15:21:39.375 INFO [main] org.apache.coyote.AbstractProtocol.init 프로토콜 핸들러 ["http-nio-8080"]을(를) 초기화합니다.
22-Aug-2023 15:21:39.397 INFO [main] org.apache.catalina.startup.Catalina.load [397] 밀리초 내에 서버가 초기화되었습니다.
22-Aug-2023 15:21:39.449 INFO [main] org.apache.catalina.core.StandardService.startInternal 서비스 [Catalina]을(를) 시작합니다.
22-Aug-2023 15:21:39.451 INFO [main] org.apache.catalina.core.StandardEngine.startInternal 서버 엔진을 시작합니다: [Apache Tomcat/9.0.71]
22-Aug-2023 15:21:39.460 INFO [main] org.apache.catalina.startup.HostConfig.deployDirectory 웹 애플리케이션 디렉토리 [C:\Users\it\Documents\jspwrokspace\apache-tomcat-9.0.71\webapps\docs]을(를) 배치합니다.
22-Aug-2023 15:21:39.709 INFO [main] org.apache.catalina.startup.HostConfig.deployDirectory 웹 애플리케이션 디렉토리 [C:\Users\it\Documents\jspwrokspace\apache-tomcat-9.0.71\webapps\docs]에 대한 배치가 [248] 밀리초에 완료되었습니다.
22-Aug-2023 15:21:39.711 INFO [main] org.apache.catalina.startup.HostConfig.deployDirectory 웹 애플리케이션 디렉토리 [C:\Users\it\Documents\jspwrokspace\apache-tomcat-9.0.71\webapps\examples]을(를) 배치합니다.
22-Aug-2023 15:21:39.973 INFO [main] org.apache.catalina.startup.HostConfig.deployDirectory 웹 애플리케이션 디렉토리 [C:\Users\it\Documents\jspwrokspace\apache-tomcat-9.0.71\webapps\examples]에 대한 배치가 [262] 밀리초에 완료되었습니다.
22-Aug-2023 15:21:39.975 INFO [main] org.apache.catalina.startup.HostConfig.deployDirectory 웹 애플리케이션 디렉토리 [C:\Users\it\Documents\jspwrokspace\apache-tomcat-9.0.71\webapps\host-manager]을(를) 배치합니다.
22-Aug-2023 15:21:40.005 INFO [main] org.apache.catalina.startup.HostConfig.deployDirectory 웹 애플리케이션 디렉토리 [C:\Users\it\Documents\jspwrokspace\apache-tomcat-9.0.71\webapps\host-manager]에 대한 배치가 [29] 밀리초에 완료되었습니다.
22-Aug-2023 15:21:40.006 INFO [main] org.apache.catalina.startup.HostConfig.deployDirectory 웹 애플리케이션 디렉토리 [C:\Users\it\Documents\jspwrokspace\apache-tomcat-9.0.71\webapps\manager]을(를) 배치합니다.
22-Aug-2023 15:21:40.031 INFO [main] org.apache.catalina.startup.HostConfig.deployDirectory 웹 애플리케이션 디렉토리 [C:\Users\it\Documents\jspwrokspace\apache-tomcat-9.0.71\webapps\manager]에 대한 배치가 [26] 밀리초에 완료되었습니다.
22-Aug-2023 15:21:40.033 INFO [main] org.apache.catalina.startup.HostConfig.deployDirectory 웹 애플리케이션 디렉토리 [C:\Users\it\Documents\jspwrokspace\apache-tomcat-9.0.71\webapps\ROOT]을(를) 배치합니다.
22-Aug-2023 15:21:40.054 INFO [main] org.apache.catalina.startup.HostConfig.deployDirectory 웹 애플리케이션 디렉토리 [C:\Users\it\Documents\jspwrokspace\apache-tomcat-9.0.71\webapps\ROOT]에 대한 배치가 [21] 밀리초에 완료되었습니다.
22-Aug-2023 15:21:40.060 INFO [main] org.apache.coyote.AbstractProtocol.start 프로토콜 핸들러 ["http-nio-8080"]을(를) 시작합니다.
22-Aug-2023 15:21:40.091 INFO [main] org.apache.catalina.startup.Catalina.start 서버가 [693] 밀리초 내에 시작되었습니다.
22-Aug-2023 15:24:37.544 INFO [main] org.apache.catalina.startup.VersionLoggerListener.log 서버 버전 이름:    Apache Tomcat/9.0.71
22-Aug-2023 15:24:37.546 INFO [main] org.apache.catalina.startup.VersionLoggerListener.log Server 빌드 시각:  Jan 9 2023 22:33:01 UTC
22-Aug-2023 15:24:37.547 INFO [main] org.apache.catalina.startup.VersionLoggerListener.log Server 버전 번호:  9.0.71.0
22-Aug-2023 15:24:37.547 INFO [main] org.apache.catalina.startup.VersionLoggerListener.log 운영체제 이름:     Windows 10
22-Aug-2023 15:24:37.547 INFO [main] org.apache.catalina.startup.VersionLoggerListener.log 운영체제 버전:     10.0
22-Aug-2023 15:24:37.547 INFO [main] org.apache.catalina.startup.VersionLoggerListener.log 아키텍처:          amd64
22-Aug-2023 15:24:37.547 INFO [main] org.apache.catalina.startup.VersionLoggerListener.log 자바 홈:           C:\Program Files\Java\jdk-11
22-Aug-2023 15:24:37.547 INFO [main] org.apache.catalina.startup.VersionLoggerListener.log JVM 버전:          11.0.19+9-LTS-224
22-Aug-2023 15:24:37.548 INFO [main] org.apache.catalina.startup.VersionLoggerListener.log JVM 벤더:          Oracle Corporation
22-Aug-2023 15:24:37.548 INFO [main] org.apache.catalina.startup.VersionLoggerListener.log CATALINA_BASE:     C:\Users\it\Documents\jspwrokspace\apache-tomcat-9.0.71
22-Aug-2023 15:24:37.548 INFO [main] org.apache.catalina.startup.VersionLoggerListener.log CATALINA_HOME:     C:\Users\it\Documents\jspwrokspace\apache-tomcat-9.0.71
22-Aug-2023 15:24:37.555 INFO [main] org.apache.catalina.startup.VersionLoggerListener.log 명령 행 아규먼트:  --add-opens=java.base/java.lang=ALL-UNNAMED
22-Aug-2023 15:24:37.555 INFO [main] org.apache.catalina.startup.VersionLoggerListener.log 명령 행 아규먼트:  --add-opens=java.base/java.io=ALL-UNNAMED
22-Aug-2023 15:24:37.557 INFO [main] org.apache.catalina.startup.VersionLoggerListener.log 명령 행 아규먼트:  --add-opens=java.base/java.util=ALL-UNNAMED
22-Aug-2023 15:24:37.558 INFO [main] org.apache.catalina.startup.VersionLoggerListener.log 명령 행 아규먼트:  --add-opens=java.base/java.util.concurrent=ALL-UNNAMED
22-Aug-2023 15:24:37.558 INFO [main] org.apache.catalina.startup.VersionLoggerListener.log 명령 행 아규먼트:  --add-opens=java.rmi/sun.rmi.transport=ALL-UNNAMED
22-Aug-2023 15:24:37.558 INFO [main] org.apache.catalina.startup.VersionLoggerListener.log 명령 행 아규먼트:  -Djava.util.logging.config.file=C:\Users\it\Documents\jspwrokspace\apache-tomcat-9.0.71\conf\logging.properties
22-Aug-2023 15:24:37.559 INFO [main] org.apache.catalina.startup.VersionLoggerListener.log 명령 행 아규먼트:  -Djava.util.logging.manager=org.apache.juli.ClassLoaderLogManager
22-Aug-2023 15:24:37.559 INFO [main] org.apache.catalina.startup.VersionLoggerListener.log 명령 행 아규먼트:  -Djdk.tls.ephemeralDHKeySize=2048
22-Aug-2023 15:24:37.559 INFO [main] org.apache.catalina.startup.VersionLoggerListener.log 명령 행 아규먼트:  -Djava.protocol.handler.pkgs=org.apache.catalina.webresources
22-Aug-2023 15:24:37.560 INFO [main] org.apache.catalina.startup.VersionLoggerListener.log 명령 행 아규먼트:  -Dignore.endorsed.dirs=
22-Aug-2023 15:24:37.560 INFO [main] org.apache.catalina.startup.VersionLoggerListener.log 명령 행 아규먼트:  -Dcatalina.base=C:\Users\it\Documents\jspwrokspace\apache-tomcat-9.0.71
22-Aug-2023 15:24:37.560 INFO [main] org.apache.catalina.startup.VersionLoggerListener.log 명령 행 아규먼트:  -Dcatalina.home=C:\Users\it\Documents\jspwrokspace\apache-tomcat-9.0.71
22-Aug-2023 15:24:37.561 INFO [main] org.apache.catalina.startup.VersionLoggerListener.log 명령 행 아규먼트:  -Djava.io.tmpdir=C:\Users\it\Documents\jspwrokspace\apache-tomcat-9.0.71\temp
22-Aug-2023 15:24:37.565 INFO [main] org.apache.catalina.core.AprLifecycleListener.lifecycleEvent 프로덕션 환경들에서 최적의 성능을 제공하는, APR 기반 Apache Tomcat Native 라이브러리가, 다음 java.library.path에서 발견되지 않습니다: [C:\Program Files\Java\jdk-11\bin;C:\Windows\Sun\Java\bin;C:\Windows\system32;C:\Windows;C:\Program Files\Common Files\Oracle\Java\javapath;C:\oraclexe\app\oracle\product\11.2.0\server\bin;;C:\Windows\system32;C:\Windows;C:\Windows\System32\Wbem;C:\Windows\System32\WindowsPowerShell\v1.0\;C:\Windows\System32\OpenSSH\;C:\Program Files\Git\cmd;C:\Users\it\AppData\Local\Microsoft\WindowsApps;;C:\Users\it\AppData\Local\Programs\Microsoft VS Code\bin;.]
22-Aug-2023 15:24:37.765 INFO [main] org.apache.coyote.AbstractProtocol.init 프로토콜 핸들러 ["http-nio-8080"]을(를) 초기화합니다.
22-Aug-2023 15:24:37.781 INFO [main] org.apache.catalina.startup.Catalina.load [387] 밀리초 내에 서버가 초기화되었습니다.
22-Aug-2023 15:24:37.824 INFO [main] org.apache.catalina.core.StandardService.startInternal 서비스 [Catalina]을(를) 시작합니다.
22-Aug-2023 15:24:37.826 INFO [main] org.apache.catalina.core.StandardEngine.startInternal 서버 엔진을 시작합니다: [Apache Tomcat/9.0.71]
22-Aug-2023 15:24:37.836 INFO [main] org.apache.catalina.startup.HostConfig.deployDirectory 웹 애플리케이션 디렉토리 [C:\Users\it\Documents\jspwrokspace\apache-tomcat-9.0.71\webapps\docs]을(를) 배치합니다.
22-Aug-2023 15:24:38.046 INFO [main] org.apache.catalina.startup.HostConfig.deployDirectory 웹 애플리케이션 디렉토리 [C:\Users\it\Documents\jspwrokspace\apache-tomcat-9.0.71\webapps\docs]에 대한 배치가 [209] 밀리초에 완료되었습니다.
22-Aug-2023 15:24:38.047 INFO [main] org.apache.catalina.startup.HostConfig.deployDirectory 웹 애플리케이션 디렉토리 [C:\Users\it\Documents\jspwrokspace\apache-tomcat-9.0.71\webapps\examples]을(를) 배치합니다.
22-Aug-2023 15:24:38.298 INFO [main] org.apache.catalina.startup.HostConfig.deployDirectory 웹 애플리케이션 디렉토리 [C:\Users\it\Documents\jspwrokspace\apache-tomcat-9.0.71\webapps\examples]에 대한 배치가 [251] 밀리초에 완료되었습니다.
22-Aug-2023 15:24:38.300 INFO [main] org.apache.catalina.startup.HostConfig.deployDirectory 웹 애플리케이션 디렉토리 [C:\Users\it\Documents\jspwrokspace\apache-tomcat-9.0.71\webapps\host-manager]을(를) 배치합니다.
22-Aug-2023 15:24:38.331 INFO [main] org.apache.catalina.startup.HostConfig.deployDirectory 웹 애플리케이션 디렉토리 [C:\Users\it\Documents\jspwrokspace\apache-tomcat-9.0.71\webapps\host-manager]에 대한 배치가 [31] 밀리초에 완료되었습니다.
22-Aug-2023 15:24:38.332 INFO [main] org.apache.catalina.startup.HostConfig.deployDirectory 웹 애플리케이션 디렉토리 [C:\Users\it\Documents\jspwrokspace\apache-tomcat-9.0.71\webapps\manager]을(를) 배치합니다.
22-Aug-2023 15:24:38.360 INFO [main] org.apache.catalina.startup.HostConfig.deployDirectory 웹 애플리케이션 디렉토리 [C:\Users\it\Documents\jspwrokspace\apache-tomcat-9.0.71\webapps\manager]에 대한 배치가 [28] 밀리초에 완료되었습니다.
22-Aug-2023 15:24:38.361 INFO [main] org.apache.catalina.startup.HostConfig.deployDirectory 웹 애플리케이션 디렉토리 [C:\Users\it\Documents\jspwrokspace\apache-tomcat-9.0.71\webapps\ROOT]을(를) 배치합니다.
22-Aug-2023 15:24:38.379 INFO [main] org.apache.catalina.startup.HostConfig.deployDirectory 웹 애플리케이션 디렉토리 [C:\Users\it\Documents\jspwrokspace\apache-tomcat-9.0.71\webapps\ROOT]에 대한 배치가 [18] 밀리초에 완료되었습니다.
22-Aug-2023 15:24:38.383 INFO [main] org.apache.coyote.AbstractProtocol.start 프로토콜 핸들러 ["http-nio-8080"]을(를) 시작합니다.
22-Aug-2023 15:24:38.407 INFO [main] org.apache.catalina.startup.Catalina.start 서버가 [624] 밀리초 내에 시작되었습니다.
22-Aug-2023 15:30:58.554 INFO [main] org.apache.catalina.startup.VersionLoggerListener.log 서버 버전 이름:    Apache Tomcat/9.0.71
22-Aug-2023 15:30:58.556 INFO [main] org.apache.catalina.startup.VersionLoggerListener.log Server 빌드 시각:  Jan 9 2023 22:33:01 UTC
22-Aug-2023 15:30:58.557 INFO [main] org.apache.catalina.startup.VersionLoggerListener.log Server 버전 번호:  9.0.71.0
22-Aug-2023 15:30:58.557 INFO [main] org.apache.catalina.startup.VersionLoggerListener.log 운영체제 이름:     Windows 10
22-Aug-2023 15:30:58.557 INFO [main] org.apache.catalina.startup.VersionLoggerListener.log 운영체제 버전:     10.0
22-Aug-2023 15:30:58.557 INFO [main] org.apache.catalina.startup.VersionLoggerListener.log 아키텍처:          amd64
22-Aug-2023 15:30:58.557 INFO [main] org.apache.catalina.startup.VersionLoggerListener.log 자바 홈:           C:\Program Files\Java\jdk-11
22-Aug-2023 15:30:58.557 INFO [main] org.apache.catalina.startup.VersionLoggerListener.log JVM 버전:          11.0.19+9-LTS-224
22-Aug-2023 15:30:58.557 INFO [main] org.apache.catalina.startup.VersionLoggerListener.log JVM 벤더:          Oracle Corporation
22-Aug-2023 15:30:58.558 INFO [main] org.apache.catalina.startup.VersionLoggerListener.log CATALINA_BASE:     C:\Users\it\Documents\jspwrokspace\apache-tomcat-9.0.71
22-Aug-2023 15:30:58.558 INFO [main] org.apache.catalina.startup.VersionLoggerListener.log CATALINA_HOME:     C:\Users\it\Documents\jspwrokspace\apache-tomcat-9.0.71
22-Aug-2023 15:30:58.565 INFO [main] org.apache.catalina.startup.VersionLoggerListener.log 명령 행 아규먼트:  --add-opens=java.base/java.lang=ALL-UNNAMED
22-Aug-2023 15:30:58.565 INFO [main] org.apache.catalina.startup.VersionLoggerListener.log 명령 행 아규먼트:  --add-opens=java.base/java.io=ALL-UNNAMED
22-Aug-2023 15:30:58.565 INFO [main] org.apache.catalina.startup.VersionLoggerListener.log 명령 행 아규먼트:  --add-opens=java.base/java.util=ALL-UNNAMED
22-Aug-2023 15:30:58.566 INFO [main] org.apache.catalina.startup.VersionLoggerListener.log 명령 행 아규먼트:  --add-opens=java.base/java.util.concurrent=ALL-UNNAMED
22-Aug-2023 15:30:58.566 INFO [main] org.apache.catalina.startup.VersionLoggerListener.log 명령 행 아규먼트:  --add-opens=java.rmi/sun.rmi.transport=ALL-UNNAMED
22-Aug-2023 15:30:58.567 INFO [main] org.apache.catalina.startup.VersionLoggerListener.log 명령 행 아규먼트:  -Djava.util.logging.config.file=C:\Users\it\Documents\jspwrokspace\apache-tomcat-9.0.71\conf\logging.properties
22-Aug-2023 15:30:58.568 INFO [main] org.apache.catalina.startup.VersionLoggerListener.log 명령 행 아규먼트:  -Djava.util.logging.manager=org.apache.juli.ClassLoaderLogManager
22-Aug-2023 15:30:58.568 INFO [main] org.apache.catalina.startup.VersionLoggerListener.log 명령 행 아규먼트:  -Djdk.tls.ephemeralDHKeySize=2048
22-Aug-2023 15:30:58.569 INFO [main] org.apache.catalina.startup.VersionLoggerListener.log 명령 행 아규먼트:  -Djava.protocol.handler.pkgs=org.apache.catalina.webresources
22-Aug-2023 15:30:58.569 INFO [main] org.apache.catalina.startup.VersionLoggerListener.log 명령 행 아규먼트:  -Dignore.endorsed.dirs=
22-Aug-2023 15:30:58.569 INFO [main] org.apache.catalina.startup.VersionLoggerListener.log 명령 행 아규먼트:  -Dcatalina.base=C:\Users\it\Documents\jspwrokspace\apache-tomcat-9.0.71
22-Aug-2023 15:30:58.570 INFO [main] org.apache.catalina.startup.VersionLoggerListener.log 명령 행 아규먼트:  -Dcatalina.home=C:\Users\it\Documents\jspwrokspace\apache-tomcat-9.0.71
22-Aug-2023 15:30:58.570 INFO [main] org.apache.catalina.startup.VersionLoggerListener.log 명령 행 아규먼트:  -Djava.io.tmpdir=C:\Users\it\Documents\jspwrokspace\apache-tomcat-9.0.71\temp
22-Aug-2023 15:30:58.575 INFO [main] org.apache.catalina.core.AprLifecycleListener.lifecycleEvent 프로덕션 환경들에서 최적의 성능을 제공하는, APR 기반 Apache Tomcat Native 라이브러리가, 다음 java.library.path에서 발견되지 않습니다: [C:\Program Files\Java\jdk-11\bin;C:\Windows\Sun\Java\bin;C:\Windows\system32;C:\Windows;C:\Program Files\Common Files\Oracle\Java\javapath;C:\oraclexe\app\oracle\product\11.2.0\server\bin;;C:\Windows\system32;C:\Windows;C:\Windows\System32\Wbem;C:\Windows\System32\WindowsPowerShell\v1.0\;C:\Windows\System32\OpenSSH\;C:\Program Files\Git\cmd;C:\Users\it\AppData\Local\Microsoft\WindowsApps;;C:\Users\it\AppData\Local\Programs\Microsoft VS Code\bin;.]
22-Aug-2023 15:30:58.774 INFO [main] org.apache.coyote.AbstractProtocol.init 프로토콜 핸들러 ["http-nio-8080"]을(를) 초기화합니다.
22-Aug-2023 15:30:58.792 INFO [main] org.apache.catalina.startup.Catalina.load [390] 밀리초 내에 서버가 초기화되었습니다.
22-Aug-2023 15:30:58.833 INFO [main] org.apache.catalina.core.StandardService.startInternal 서비스 [Catalina]을(를) 시작합니다.
22-Aug-2023 15:30:58.834 INFO [main] org.apache.catalina.core.StandardEngine.startInternal 서버 엔진을 시작합니다: [Apache Tomcat/9.0.71]
22-Aug-2023 15:30:58.844 INFO [main] org.apache.catalina.startup.HostConfig.deployDirectory 웹 애플리케이션 디렉토리 [C:\Users\it\Documents\jspwrokspace\apache-tomcat-9.0.71\webapps\docs]을(를) 배치합니다.
22-Aug-2023 15:30:59.060 INFO [main] org.apache.catalina.startup.HostConfig.deployDirectory 웹 애플리케이션 디렉토리 [C:\Users\it\Documents\jspwrokspace\apache-tomcat-9.0.71\webapps\docs]에 대한 배치가 [215] 밀리초에 완료되었습니다.
22-Aug-2023 15:30:59.062 INFO [main] org.apache.catalina.startup.HostConfig.deployDirectory 웹 애플리케이션 디렉토리 [C:\Users\it\Documents\jspwrokspace\apache-tomcat-9.0.71\webapps\examples]을(를) 배치합니다.
22-Aug-2023 15:30:59.308 INFO [main] org.apache.catalina.startup.HostConfig.deployDirectory 웹 애플리케이션 디렉토리 [C:\Users\it\Documents\jspwrokspace\apache-tomcat-9.0.71\webapps\examples]에 대한 배치가 [246] 밀리초에 완료되었습니다.
22-Aug-2023 15:30:59.309 INFO [main] org.apache.catalina.startup.HostConfig.deployDirectory 웹 애플리케이션 디렉토리 [C:\Users\it\Documents\jspwrokspace\apache-tomcat-9.0.71\webapps\host-manager]을(를) 배치합니다.
22-Aug-2023 15:30:59.337 INFO [main] org.apache.catalina.startup.HostConfig.deployDirectory 웹 애플리케이션 디렉토리 [C:\Users\it\Documents\jspwrokspace\apache-tomcat-9.0.71\webapps\host-manager]에 대한 배치가 [28] 밀리초에 완료되었습니다.
22-Aug-2023 15:30:59.338 INFO [main] org.apache.catalina.startup.HostConfig.deployDirectory 웹 애플리케이션 디렉토리 [C:\Users\it\Documents\jspwrokspace\apache-tomcat-9.0.71\webapps\manager]을(를) 배치합니다.
22-Aug-2023 15:30:59.360 INFO [main] org.apache.catalina.startup.HostConfig.deployDirectory 웹 애플리케이션 디렉토리 [C:\Users\it\Documents\jspwrokspace\apache-tomcat-9.0.71\webapps\manager]에 대한 배치가 [22] 밀리초에 완료되었습니다.
22-Aug-2023 15:30:59.361 INFO [main] org.apache.catalina.startup.HostConfig.deployDirectory 웹 애플리케이션 디렉토리 [C:\Users\it\Documents\jspwrokspace\apache-tomcat-9.0.71\webapps\ROOT]을(를) 배치합니다.
22-Aug-2023 15:30:59.381 INFO [main] org.apache.catalina.startup.HostConfig.deployDirectory 웹 애플리케이션 디렉토리 [C:\Users\it\Documents\jspwrokspace\apache-tomcat-9.0.71\webapps\ROOT]에 대한 배치가 [19] 밀리초에 완료되었습니다.
22-Aug-2023 15:30:59.385 INFO [main] org.apache.coyote.AbstractProtocol.start 프로토콜 핸들러 ["http-nio-8080"]을(를) 시작합니다.
22-Aug-2023 15:30:59.415 INFO [main] org.apache.catalina.startup.Catalina.start 서버가 [622] 밀리초 내에 시작되었습니다.
22-Aug-2023 15:31:47.907 INFO [main] org.apache.catalina.startup.VersionLoggerListener.log 서버 버전 이름:    Apache Tomcat/9.0.71
22-Aug-2023 15:31:47.909 INFO [main] org.apache.catalina.startup.VersionLoggerListener.log Server 빌드 시각:  Jan 9 2023 22:33:01 UTC
22-Aug-2023 15:31:47.909 INFO [main] org.apache.catalina.startup.VersionLoggerListener.log Server 버전 번호:  9.0.71.0
22-Aug-2023 15:31:47.910 INFO [main] org.apache.catalina.startup.VersionLoggerListener.log 운영체제 이름:     Windows 10
22-Aug-2023 15:31:47.910 INFO [main] org.apache.catalina.startup.VersionLoggerListener.log 운영체제 버전:     10.0
22-Aug-2023 15:31:47.910 INFO [main] org.apache.catalina.startup.VersionLoggerListener.log 아키텍처:          amd64
22-Aug-2023 15:31:47.910 INFO [main] org.apache.catalina.startup.VersionLoggerListener.log 자바 홈:           C:\Program Files\Java\jdk-11
22-Aug-2023 15:31:47.910 INFO [main] org.apache.catalina.startup.VersionLoggerListener.log JVM 버전:          11.0.19+9-LTS-224
22-Aug-2023 15:31:47.910 INFO [main] org.apache.catalina.startup.VersionLoggerListener.log JVM 벤더:          Oracle Corporation
22-Aug-2023 15:31:47.910 INFO [main] org.apache.catalina.startup.VersionLoggerListener.log CATALINA_BASE:     C:\Users\it\Documents\jspwrokspace\apache-tomcat-9.0.71
22-Aug-2023 15:31:47.911 INFO [main] org.apache.catalina.startup.VersionLoggerListener.log CATALINA_HOME:     C:\Users\it\Documents\jspwrokspace\apache-tomcat-9.0.71
22-Aug-2023 15:31:47.918 INFO [main] org.apache.catalina.startup.VersionLoggerListener.log 명령 행 아규먼트:  --add-opens=java.base/java.lang=ALL-UNNAMED
22-Aug-2023 15:31:47.918 INFO [main] org.apache.catalina.startup.VersionLoggerListener.log 명령 행 아규먼트:  --add-opens=java.base/java.io=ALL-UNNAMED
22-Aug-2023 15:31:47.918 INFO [main] org.apache.catalina.startup.VersionLoggerListener.log 명령 행 아규먼트:  --add-opens=java.base/java.util=ALL-UNNAMED
22-Aug-2023 15:31:47.919 INFO [main] org.apache.catalina.startup.VersionLoggerListener.log 명령 행 아규먼트:  --add-opens=java.base/java.util.concurrent=ALL-UNNAMED
22-Aug-2023 15:31:47.919 INFO [main] org.apache.catalina.startup.VersionLoggerListener.log 명령 행 아규먼트:  --add-opens=java.rmi/sun.rmi.transport=ALL-UNNAMED
22-Aug-2023 15:31:47.920 INFO [main] org.apache.catalina.startup.VersionLoggerListener.log 명령 행 아규먼트:  -Djava.util.logging.config.file=C:\Users\it\Documents\jspwrokspace\apache-tomcat-9.0.71\conf\logging.properties
22-Aug-2023 15:31:47.920 INFO [main] org.apache.catalina.startup.VersionLoggerListener.log 명령 행 아규먼트:  -Djava.util.logging.manager=org.apache.juli.ClassLoaderLogManager
22-Aug-2023 15:31:47.920 INFO [main] org.apache.catalina.startup.VersionLoggerListener.log 명령 행 아규먼트:  -Djdk.tls.ephemeralDHKeySize=2048
22-Aug-2023 15:31:47.921 INFO [main] org.apache.catalina.startup.VersionLoggerListener.log 명령 행 아규먼트:  -Djava.protocol.handler.pkgs=org.apache.catalina.webresources
22-Aug-2023 15:31:47.921 INFO [main] org.apache.catalina.startup.VersionLoggerListener.log 명령 행 아규먼트:  -Dignore.endorsed.dirs=
22-Aug-2023 15:31:47.921 INFO [main] org.apache.catalina.startup.VersionLoggerListener.log 명령 행 아규먼트:  -Dcatalina.base=C:\Users\it\Documents\jspwrokspace\apache-tomcat-9.0.71
22-Aug-2023 15:31:47.922 INFO [main] org.apache.catalina.startup.VersionLoggerListener.log 명령 행 아규먼트:  -Dcatalina.home=C:\Users\it\Documents\jspwrokspace\apache-tomcat-9.0.71
22-Aug-2023 15:31:47.922 INFO [main] org.apache.catalina.startup.VersionLoggerListener.log 명령 행 아규먼트:  -Djava.io.tmpdir=C:\Users\it\Documents\jspwrokspace\apache-tomcat-9.0.71\temp
22-Aug-2023 15:31:47.927 INFO [main] org.apache.catalina.core.AprLifecycleListener.lifecycleEvent 프로덕션 환경들에서 최적의 성능을 제공하는, APR 기반 Apache Tomcat Native 라이브러리가, 다음 java.library.path에서 발견되지 않습니다: [C:\Program Files\Java\jdk-11\bin;C:\Windows\Sun\Java\bin;C:\Windows\system32;C:\Windows;C:\Program Files\Common Files\Oracle\Java\javapath;C:\oraclexe\app\oracle\product\11.2.0\server\bin;;C:\Windows\system32;C:\Windows;C:\Windows\System32\Wbem;C:\Windows\System32\WindowsPowerShell\v1.0\;C:\Windows\System32\OpenSSH\;C:\Program Files\Git\cmd;C:\Users\it\AppData\Local\Microsoft\WindowsApps;;C:\Users\it\AppData\Local\Programs\Microsoft VS Code\bin;.]
22-Aug-2023 15:31:48.126 INFO [main] org.apache.coyote.AbstractProtocol.init 프로토콜 핸들러 ["http-nio-8080"]을(를) 초기화합니다.
22-Aug-2023 15:31:48.146 INFO [main] org.apache.catalina.startup.Catalina.load [389] 밀리초 내에 서버가 초기화되었습니다.
22-Aug-2023 15:31:48.187 INFO [main] org.apache.catalina.core.StandardService.startInternal 서비스 [Catalina]을(를) 시작합니다.
22-Aug-2023 15:31:48.189 INFO [main] org.apache.catalina.core.StandardEngine.startInternal 서버 엔진을 시작합니다: [Apache Tomcat/9.0.71]
22-Aug-2023 15:31:48.197 INFO [main] org.apache.catalina.startup.HostConfig.deployDirectory 웹 애플리케이션 디렉토리 [C:\Users\it\Documents\jspwrokspace\apache-tomcat-9.0.71\webapps\docs]을(를) 배치합니다.
22-Aug-2023 15:31:48.420 INFO [main] org.apache.catalina.startup.HostConfig.deployDirectory 웹 애플리케이션 디렉토리 [C:\Users\it\Documents\jspwrokspace\apache-tomcat-9.0.71\webapps\docs]에 대한 배치가 [223] 밀리초에 완료되었습니다.
22-Aug-2023 15:31:48.422 INFO [main] org.apache.catalina.startup.HostConfig.deployDirectory 웹 애플리케이션 디렉토리 [C:\Users\it\Documents\jspwrokspace\apache-tomcat-9.0.71\webapps\examples]을(를) 배치합니다.
22-Aug-2023 15:31:48.672 INFO [main] org.apache.catalina.startup.HostConfig.deployDirectory 웹 애플리케이션 디렉토리 [C:\Users\it\Documents\jspwrokspace\apache-tomcat-9.0.71\webapps\examples]에 대한 배치가 [250] 밀리초에 완료되었습니다.
22-Aug-2023 15:31:48.673 INFO [main] org.apache.catalina.startup.HostConfig.deployDirectory 웹 애플리케이션 디렉토리 [C:\Users\it\Documents\jspwrokspace\apache-tomcat-9.0.71\webapps\host-manager]을(를) 배치합니다.
22-Aug-2023 15:31:48.701 INFO [main] org.apache.catalina.startup.HostConfig.deployDirectory 웹 애플리케이션 디렉토리 [C:\Users\it\Documents\jspwrokspace\apache-tomcat-9.0.71\webapps\host-manager]에 대한 배치가 [28] 밀리초에 완료되었습니다.
22-Aug-2023 15:31:48.702 INFO [main] org.apache.catalina.startup.HostConfig.deployDirectory 웹 애플리케이션 디렉토리 [C:\Users\it\Documents\jspwrokspace\apache-tomcat-9.0.71\webapps\manager]을(를) 배치합니다.
22-Aug-2023 15:31:48.726 INFO [main] org.apache.catalina.startup.HostConfig.deployDirectory 웹 애플리케이션 디렉토리 [C:\Users\it\Documents\jspwrokspace\apache-tomcat-9.0.71\webapps\manager]에 대한 배치가 [24] 밀리초에 완료되었습니다.
22-Aug-2023 15:31:48.727 INFO [main] org.apache.catalina.startup.HostConfig.deployDirectory 웹 애플리케이션 디렉토리 [C:\Users\it\Documents\jspwrokspace\apache-tomcat-9.0.71\webapps\ROOT]을(를) 배치합니다.
22-Aug-2023 15:31:48.744 INFO [main] org.apache.catalina.startup.HostConfig.deployDirectory 웹 애플리케이션 디렉토리 [C:\Users\it\Documents\jspwrokspace\apache-tomcat-9.0.71\webapps\ROOT]에 대한 배치가 [17] 밀리초에 완료되었습니다.
22-Aug-2023 15:31:48.749 INFO [main] org.apache.coyote.AbstractProtocol.start 프로토콜 핸들러 ["http-nio-8080"]을(를) 시작합니다.
22-Aug-2023 15:31:48.773 INFO [main] org.apache.catalina.startup.Catalina.start 서버가 [626] 밀리초 내에 시작되었습니다.
22-Aug-2023 15:35:59.014 INFO [Catalina-utility-2] org.apache.catalina.startup.HostConfig.deployWAR 웹 애플리케이션 아카이브 [C:\Users\it\Documents\jspwrokspace\apache-tomcat-9.0.71\webapps\WebMarket.war]을(를) 배치합니다.
22-Aug-2023 15:35:59.079 INFO [Catalina-utility-2] org.apache.catalina.startup.HostConfig.deployWAR 웹 애플리케이션 아카이브 [C:\Users\it\Documents\jspwrokspace\apache-tomcat-9.0.71\webapps\WebMarket.war]의 배치가 [65] 밀리초에 완료되었습니다.
22-Aug-2023 15:36:06.784 INFO [main] org.apache.catalina.startup.VersionLoggerListener.log 서버 버전 이름:    Apache Tomcat/9.0.71
22-Aug-2023 15:36:06.786 INFO [main] org.apache.catalina.startup.VersionLoggerListener.log Server 빌드 시각:  Jan 9 2023 22:33:01 UTC
22-Aug-2023 15:36:06.786 INFO [main] org.apache.catalina.startup.VersionLoggerListener.log Server 버전 번호:  9.0.71.0
22-Aug-2023 15:36:06.786 INFO [main] org.apache.catalina.startup.VersionLoggerListener.log 운영체제 이름:     Windows 10
22-Aug-2023 15:36:06.787 INFO [main] org.apache.catalina.startup.VersionLoggerListener.log 운영체제 버전:     10.0
22-Aug-2023 15:36:06.787 INFO [main] org.apache.catalina.startup.VersionLoggerListener.log 아키텍처:          amd64
22-Aug-2023 15:36:06.787 INFO [main] org.apache.catalina.startup.VersionLoggerListener.log 자바 홈:           C:\Program Files\Java\jdk-11
22-Aug-2023 15:36:06.787 INFO [main] org.apache.catalina.startup.VersionLoggerListener.log JVM 버전:          11.0.19+9-LTS-224
22-Aug-2023 15:36:06.787 INFO [main] org.apache.catalina.startup.VersionLoggerListener.log JVM 벤더:          Oracle Corporation
22-Aug-2023 15:36:06.787 INFO [main] org.apache.catalina.startup.VersionLoggerListener.log CATALINA_BASE:     C:\Users\it\Documents\jspwrokspace\apache-tomcat-9.0.71
22-Aug-2023 15:36:06.787 INFO [main] org.apache.catalina.startup.VersionLoggerListener.log CATALINA_HOME:     C:\Users\it\Documents\jspwrokspace\apache-tomcat-9.0.71
22-Aug-2023 15:36:06.794 INFO [main] org.apache.catalina.startup.VersionLoggerListener.log 명령 행 아규먼트:  --add-opens=java.base/java.lang=ALL-UNNAMED
22-Aug-2023 15:36:06.795 INFO [main] org.apache.catalina.startup.VersionLoggerListener.log 명령 행 아규먼트:  --add-opens=java.base/java.io=ALL-UNNAMED
22-Aug-2023 15:36:06.795 INFO [main] org.apache.catalina.startup.VersionLoggerListener.log 명령 행 아규먼트:  --add-opens=java.base/java.util=ALL-UNNAMED
22-Aug-2023 15:36:06.796 INFO [main] org.apache.catalina.startup.VersionLoggerListener.log 명령 행 아규먼트:  --add-opens=java.base/java.util.concurrent=ALL-UNNAMED
22-Aug-2023 15:36:06.796 INFO [main] org.apache.catalina.startup.VersionLoggerListener.log 명령 행 아규먼트:  --add-opens=java.rmi/sun.rmi.transport=ALL-UNNAMED
22-Aug-2023 15:36:06.797 INFO [main] org.apache.catalina.startup.VersionLoggerListener.log 명령 행 아규먼트:  -Djava.util.logging.config.file=C:\Users\it\Documents\jspwrokspace\apache-tomcat-9.0.71\conf\logging.properties
22-Aug-2023 15:36:06.797 INFO [main] org.apache.catalina.startup.VersionLoggerListener.log 명령 행 아규먼트:  -Djava.util.logging.manager=org.apache.juli.ClassLoaderLogManager
22-Aug-2023 15:36:06.797 INFO [main] org.apache.catalina.startup.VersionLoggerListener.log 명령 행 아규먼트:  -Djdk.tls.ephemeralDHKeySize=2048
22-Aug-2023 15:36:06.798 INFO [main] org.apache.catalina.startup.VersionLoggerListener.log 명령 행 아규먼트:  -Djava.protocol.handler.pkgs=org.apache.catalina.webresources
22-Aug-2023 15:36:06.798 INFO [main] org.apache.catalina.startup.VersionLoggerListener.log 명령 행 아규먼트:  -Dignore.endorsed.dirs=
22-Aug-2023 15:36:06.798 INFO [main] org.apache.catalina.startup.VersionLoggerListener.log 명령 행 아규먼트:  -Dcatalina.base=C:\Users\it\Documents\jspwrokspace\apache-tomcat-9.0.71
22-Aug-2023 15:36:06.799 INFO [main] org.apache.catalina.startup.VersionLoggerListener.log 명령 행 아규먼트:  -Dcatalina.home=C:\Users\it\Documents\jspwrokspace\apache-tomcat-9.0.71
22-Aug-2023 15:36:06.799 INFO [main] org.apache.catalina.startup.VersionLoggerListener.log 명령 행 아규먼트:  -Djava.io.tmpdir=C:\Users\it\Documents\jspwrokspace\apache-tomcat-9.0.71\temp
22-Aug-2023 15:36:06.804 INFO [main] org.apache.catalina.core.AprLifecycleListener.lifecycleEvent 프로덕션 환경들에서 최적의 성능을 제공하는, APR 기반 Apache Tomcat Native 라이브러리가, 다음 java.library.path에서 발견되지 않습니다: [C:\Program Files\Java\jdk-11\bin;C:\Windows\Sun\Java\bin;C:\Windows\system32;C:\Windows;C:\Program Files\Common Files\Oracle\Java\javapath;C:\oraclexe\app\oracle\product\11.2.0\server\bin;;C:\Windows\system32;C:\Windows;C:\Windows\System32\Wbem;C:\Windows\System32\WindowsPowerShell\v1.0\;C:\Windows\System32\OpenSSH\;C:\Program Files\Git\cmd;C:\Users\it\AppData\Local\Microsoft\WindowsApps;;C:\Users\it\AppData\Local\Programs\Microsoft VS Code\bin;.]
22-Aug-2023 15:36:07.007 INFO [main] org.apache.coyote.AbstractProtocol.init 프로토콜 핸들러 ["http-nio-8080"]을(를) 초기화합니다.
22-Aug-2023 15:36:07.018 SEVERE [main] org.apache.catalina.util.LifecycleBase.handleSubClassException 구성요소 [Connector[HTTP/1.1-8080]]을(를) 초기화하지 못했습니다.
	org.apache.catalina.LifecycleException: 프로토콜 핸들러 초기화가 실패했습니다.
		at org.apache.catalina.connector.Connector.initInternal(Connector.java:1050)
		at org.apache.catalina.util.LifecycleBase.init(LifecycleBase.java:136)
		at org.apache.catalina.core.StandardService.initInternal(StandardService.java:554)
		at org.apache.catalina.util.LifecycleBase.init(LifecycleBase.java:136)
		at org.apache.catalina.core.StandardServer.initInternal(StandardServer.java:1045)
		at org.apache.catalina.util.LifecycleBase.init(LifecycleBase.java:136)
		at org.apache.catalina.startup.Catalina.load(Catalina.java:724)
		at org.apache.catalina.startup.Catalina.load(Catalina.java:746)
		at java.base/jdk.internal.reflect.NativeMethodAccessorImpl.invoke0(Native Method)
		at java.base/jdk.internal.reflect.NativeMethodAccessorImpl.invoke(NativeMethodAccessorImpl.java:62)
		at java.base/jdk.internal.reflect.DelegatingMethodAccessorImpl.invoke(DelegatingMethodAccessorImpl.java:43)
		at java.base/java.lang.reflect.Method.invoke(Method.java:566)
		at org.apache.catalina.startup.Bootstrap.load(Bootstrap.java:307)
		at org.apache.catalina.startup.Bootstrap.main(Bootstrap.java:477)
	Caused by: java.net.BindException: Address already in use: bind
		at java.base/sun.nio.ch.Net.bind0(Native Method)
		at java.base/sun.nio.ch.Net.bind(Net.java:459)
		at java.base/sun.nio.ch.Net.bind(Net.java:448)
		at java.base/sun.nio.ch.ServerSocketChannelImpl.bind(ServerSocketChannelImpl.java:227)
		at org.apache.tomcat.util.net.NioEndpoint.initServerSocket(NioEndpoint.java:275)
		at org.apache.tomcat.util.net.NioEndpoint.bind(NioEndpoint.java:230)
		at org.apache.tomcat.util.net.AbstractEndpoint.bindWithCleanup(AbstractEndpoint.java:1227)
		at org.apache.tomcat.util.net.AbstractEndpoint.init(AbstractEndpoint.java:1240)
		at org.apache.coyote.AbstractProtocol.init(AbstractProtocol.java:604)
		at org.apache.coyote.http11.AbstractHttp11Protocol.init(AbstractHttp11Protocol.java:76)
		at org.apache.catalina.connector.Connector.initInternal(Connector.java:1047)
		... 13 more
22-Aug-2023 15:36:07.020 INFO [main] org.apache.catalina.startup.Catalina.load [403] 밀리초 내에 서버가 초기화되었습니다.
22-Aug-2023 15:36:07.060 INFO [main] org.apache.catalina.core.StandardService.startInternal 서비스 [Catalina]을(를) 시작합니다.
22-Aug-2023 15:36:07.061 INFO [main] org.apache.catalina.core.StandardEngine.startInternal 서버 엔진을 시작합니다: [Apache Tomcat/9.0.71]
22-Aug-2023 15:36:07.073 INFO [main] org.apache.catalina.startup.HostConfig.deployWAR 웹 애플리케이션 아카이브 [C:\Users\it\Documents\jspwrokspace\apache-tomcat-9.0.71\webapps\WebMarket.war]을(를) 배치합니다.
22-Aug-2023 15:36:07.296 INFO [main] org.apache.catalina.startup.HostConfig.deployWAR 웹 애플리케이션 아카이브 [C:\Users\it\Documents\jspwrokspace\apache-tomcat-9.0.71\webapps\WebMarket.war]의 배치가 [221] 밀리초에 완료되었습니다.
22-Aug-2023 15:36:07.297 INFO [main] org.apache.catalina.startup.HostConfig.deployDirectory 웹 애플리케이션 디렉토리 [C:\Users\it\Documents\jspwrokspace\apache-tomcat-9.0.71\webapps\docs]을(를) 배치합니다.
22-Aug-2023 15:36:07.315 INFO [main] org.apache.catalina.startup.HostConfig.deployDirectory 웹 애플리케이션 디렉토리 [C:\Users\it\Documents\jspwrokspace\apache-tomcat-9.0.71\webapps\docs]에 대한 배치가 [18] 밀리초에 완료되었습니다.
22-Aug-2023 15:36:07.316 INFO [main] org.apache.catalina.startup.HostConfig.deployDirectory 웹 애플리케이션 디렉토리 [C:\Users\it\Documents\jspwrokspace\apache-tomcat-9.0.71\webapps\examples]을(를) 배치합니다.
22-Aug-2023 15:36:07.557 INFO [main] org.apache.catalina.startup.HostConfig.deployDirectory 웹 애플리케이션 디렉토리 [C:\Users\it\Documents\jspwrokspace\apache-tomcat-9.0.71\webapps\examples]에 대한 배치가 [241] 밀리초에 완료되었습니다.
22-Aug-2023 15:36:07.559 INFO [main] org.apache.catalina.startup.HostConfig.deployDirectory 웹 애플리케이션 디렉토리 [C:\Users\it\Documents\jspwrokspace\apache-tomcat-9.0.71\webapps\host-manager]을(를) 배치합니다.
22-Aug-2023 15:36:07.585 INFO [main] org.apache.catalina.startup.HostConfig.deployDirectory 웹 애플리케이션 디렉토리 [C:\Users\it\Documents\jspwrokspace\apache-tomcat-9.0.71\webapps\host-manager]에 대한 배치가 [25] 밀리초에 완료되었습니다.
22-Aug-2023 15:36:07.585 INFO [main] org.apache.catalina.startup.HostConfig.deployDirectory 웹 애플리케이션 디렉토리 [C:\Users\it\Documents\jspwrokspace\apache-tomcat-9.0.71\webapps\manager]을(를) 배치합니다.
22-Aug-2023 15:36:07.608 INFO [main] org.apache.catalina.startup.HostConfig.deployDirectory 웹 애플리케이션 디렉토리 [C:\Users\it\Documents\jspwrokspace\apache-tomcat-9.0.71\webapps\manager]에 대한 배치가 [22] 밀리초에 완료되었습니다.
22-Aug-2023 15:36:07.609 INFO [main] org.apache.catalina.startup.HostConfig.deployDirectory 웹 애플리케이션 디렉토리 [C:\Users\it\Documents\jspwrokspace\apache-tomcat-9.0.71\webapps\ROOT]을(를) 배치합니다.
22-Aug-2023 15:36:07.633 INFO [main] org.apache.catalina.startup.HostConfig.deployDirectory 웹 애플리케이션 디렉토리 [C:\Users\it\Documents\jspwrokspace\apache-tomcat-9.0.71\webapps\ROOT]에 대한 배치가 [24] 밀리초에 완료되었습니다.
22-Aug-2023 15:36:07.639 INFO [main] org.apache.catalina.startup.Catalina.start 서버가 [618] 밀리초 내에 시작되었습니다.
22-Aug-2023 15:36:07.643 SEVERE [main] org.apache.catalina.core.StandardServer.await 주소 [localhost]와(과) 포트 [8005]에, 서버 셧다운 소켓을 생성하지 못했습니다. (base 포트 [8005], offset [0])
	java.net.BindException: Address already in use: NET_Bind
		at java.base/java.net.PlainSocketImpl.bind0(Native Method)
		at java.base/java.net.PlainSocketImpl.socketBind(PlainSocketImpl.java:132)
		at java.base/java.net.AbstractPlainSocketImpl.bind(AbstractPlainSocketImpl.java:452)
		at java.base/java.net.ServerSocket.bind(ServerSocket.java:381)
		at java.base/java.net.ServerSocket.<init>(ServerSocket.java:243)
		at org.apache.catalina.core.StandardServer.await(StandardServer.java:580)
		at org.apache.catalina.startup.Catalina.await(Catalina.java:864)
		at org.apache.catalina.startup.Catalina.start(Catalina.java:810)
		at java.base/jdk.internal.reflect.NativeMethodAccessorImpl.invoke0(Native Method)
		at java.base/jdk.internal.reflect.NativeMethodAccessorImpl.invoke(NativeMethodAccessorImpl.java:62)
		at java.base/jdk.internal.reflect.DelegatingMethodAccessorImpl.invoke(DelegatingMethodAccessorImpl.java:43)
		at java.base/java.lang.reflect.Method.invoke(Method.java:566)
		at org.apache.catalina.startup.Bootstrap.start(Bootstrap.java:347)
		at org.apache.catalina.startup.Bootstrap.main(Bootstrap.java:478)
22-Aug-2023 15:36:07.644 INFO [main] org.apache.coyote.AbstractProtocol.pause 프로토콜 핸들러 ["http-nio-8080"]을(를) 일시 정지 중
22-Aug-2023 15:36:07.645 INFO [main] org.apache.catalina.core.StandardService.stopInternal 서비스 [Catalina]을(를) 중지시킵니다.
22-Aug-2023 15:36:07.660 INFO [main] org.apache.coyote.AbstractProtocol.stop 프로토콜 핸들러 ["http-nio-8080"]을(를) 중지시킵니다.
22-Aug-2023 15:36:07.662 INFO [main] org.apache.coyote.AbstractProtocol.destroy 프로토콜 핸들러 ["http-nio-8080"]을(를) 소멸시킵니다.
22-Aug-2023 15:36:17.790 INFO [main] org.apache.catalina.core.StandardServer.await 셧다운 포트를 통해 유효한 셧다운 명령을 받았습니다. 서버 인스턴스를 중지시킵니다.
22-Aug-2023 15:36:17.792 INFO [main] org.apache.coyote.AbstractProtocol.pause 프로토콜 핸들러 ["http-nio-8080"]을(를) 일시 정지 중
22-Aug-2023 15:36:17.803 INFO [main] org.apache.catalina.core.StandardService.stopInternal 서비스 [Catalina]을(를) 중지시킵니다.
22-Aug-2023 15:36:17.821 INFO [main] org.apache.coyote.AbstractProtocol.stop 프로토콜 핸들러 ["http-nio-8080"]을(를) 중지시킵니다.
22-Aug-2023 15:36:17.839 INFO [main] org.apache.coyote.AbstractProtocol.destroy 프로토콜 핸들러 ["http-nio-8080"]을(를) 소멸시킵니다.
22-Aug-2023 15:36:19.594 INFO [main] org.apache.catalina.startup.VersionLoggerListener.log 서버 버전 이름:    Apache Tomcat/9.0.71
22-Aug-2023 15:36:19.597 INFO [main] org.apache.catalina.startup.VersionLoggerListener.log Server 빌드 시각:  Jan 9 2023 22:33:01 UTC
22-Aug-2023 15:36:19.597 INFO [main] org.apache.catalina.startup.VersionLoggerListener.log Server 버전 번호:  9.0.71.0
22-Aug-2023 15:36:19.597 INFO [main] org.apache.catalina.startup.VersionLoggerListener.log 운영체제 이름:     Windows 10
22-Aug-2023 15:36:19.597 INFO [main] org.apache.catalina.startup.VersionLoggerListener.log 운영체제 버전:     10.0
22-Aug-2023 15:36:19.597 INFO [main] org.apache.catalina.startup.VersionLoggerListener.log 아키텍처:          amd64
22-Aug-2023 15:36:19.598 INFO [main] org.apache.catalina.startup.VersionLoggerListener.log 자바 홈:           C:\Program Files\Java\jdk-11
22-Aug-2023 15:36:19.598 INFO [main] org.apache.catalina.startup.VersionLoggerListener.log JVM 버전:          11.0.19+9-LTS-224
22-Aug-2023 15:36:19.598 INFO [main] org.apache.catalina.startup.VersionLoggerListener.log JVM 벤더:          Oracle Corporation
22-Aug-2023 15:36:19.598 INFO [main] org.apache.catalina.startup.VersionLoggerListener.log CATALINA_BASE:     C:\Users\it\Documents\jspwrokspace\apache-tomcat-9.0.71
22-Aug-2023 15:36:19.598 INFO [main] org.apache.catalina.startup.VersionLoggerListener.log CATALINA_HOME:     C:\Users\it\Documents\jspwrokspace\apache-tomcat-9.0.71
22-Aug-2023 15:36:19.605 INFO [main] org.apache.catalina.startup.VersionLoggerListener.log 명령 행 아규먼트:  --add-opens=java.base/java.lang=ALL-UNNAMED
22-Aug-2023 15:36:19.606 INFO [main] org.apache.catalina.startup.VersionLoggerListener.log 명령 행 아규먼트:  --add-opens=java.base/java.io=ALL-UNNAMED
22-Aug-2023 15:36:19.606 INFO [main] org.apache.catalina.startup.VersionLoggerListener.log 명령 행 아규먼트:  --add-opens=java.base/java.util=ALL-UNNAMED
22-Aug-2023 15:36:19.606 INFO [main] org.apache.catalina.startup.VersionLoggerListener.log 명령 행 아규먼트:  --add-opens=java.base/java.util.concurrent=ALL-UNNAMED
22-Aug-2023 15:36:19.606 INFO [main] org.apache.catalina.startup.VersionLoggerListener.log 명령 행 아규먼트:  --add-opens=java.rmi/sun.rmi.transport=ALL-UNNAMED
22-Aug-2023 15:36:19.607 INFO [main] org.apache.catalina.startup.VersionLoggerListener.log 명령 행 아규먼트:  -Djava.util.logging.config.file=C:\Users\it\Documents\jspwrokspace\apache-tomcat-9.0.71\conf\logging.properties
22-Aug-2023 15:36:19.607 INFO [main] org.apache.catalina.startup.VersionLoggerListener.log 명령 행 아규먼트:  -Djava.util.logging.manager=org.apache.juli.ClassLoaderLogManager
22-Aug-2023 15:36:19.607 INFO [main] org.apache.catalina.startup.VersionLoggerListener.log 명령 행 아규먼트:  -Djdk.tls.ephemeralDHKeySize=2048
22-Aug-2023 15:36:19.607 INFO [main] org.apache.catalina.startup.VersionLoggerListener.log 명령 행 아규먼트:  -Djava.protocol.handler.pkgs=org.apache.catalina.webresources
22-Aug-2023 15:36:19.608 INFO [main] org.apache.catalina.startup.VersionLoggerListener.log 명령 행 아규먼트:  -Dignore.endorsed.dirs=
22-Aug-2023 15:36:19.608 INFO [main] org.apache.catalina.startup.VersionLoggerListener.log 명령 행 아규먼트:  -Dcatalina.base=C:\Users\it\Documents\jspwrokspace\apache-tomcat-9.0.71
22-Aug-2023 15:36:19.608 INFO [main] org.apache.catalina.startup.VersionLoggerListener.log 명령 행 아규먼트:  -Dcatalina.home=C:\Users\it\Documents\jspwrokspace\apache-tomcat-9.0.71
22-Aug-2023 15:36:19.609 INFO [main] org.apache.catalina.startup.VersionLoggerListener.log 명령 행 아규먼트:  -Djava.io.tmpdir=C:\Users\it\Documents\jspwrokspace\apache-tomcat-9.0.71\temp
22-Aug-2023 15:36:19.614 INFO [main] org.apache.catalina.core.AprLifecycleListener.lifecycleEvent 프로덕션 환경들에서 최적의 성능을 제공하는, APR 기반 Apache Tomcat Native 라이브러리가, 다음 java.library.path에서 발견되지 않습니다: [C:\Program Files\Java\jdk-11\bin;C:\Windows\Sun\Java\bin;C:\Windows\system32;C:\Windows;C:\Program Files\Common Files\Oracle\Java\javapath;C:\oraclexe\app\oracle\product\11.2.0\server\bin;;C:\Windows\system32;C:\Windows;C:\Windows\System32\Wbem;C:\Windows\System32\WindowsPowerShell\v1.0\;C:\Windows\System32\OpenSSH\;C:\Program Files\Git\cmd;C:\Users\it\AppData\Local\Microsoft\WindowsApps;;C:\Users\it\AppData\Local\Programs\Microsoft VS Code\bin;.]
22-Aug-2023 15:36:19.813 INFO [main] org.apache.coyote.AbstractProtocol.init 프로토콜 핸들러 ["http-nio-8080"]을(를) 초기화합니다.
22-Aug-2023 15:36:19.830 INFO [main] org.apache.catalina.startup.Catalina.load [386] 밀리초 내에 서버가 초기화되었습니다.
22-Aug-2023 15:36:19.876 INFO [main] org.apache.catalina.core.StandardService.startInternal 서비스 [Catalina]을(를) 시작합니다.
22-Aug-2023 15:36:19.877 INFO [main] org.apache.catalina.core.StandardEngine.startInternal 서버 엔진을 시작합니다: [Apache Tomcat/9.0.71]
22-Aug-2023 15:36:19.890 INFO [main] org.apache.catalina.startup.HostConfig.deployWAR 웹 애플리케이션 아카이브 [C:\Users\it\Documents\jspwrokspace\apache-tomcat-9.0.71\webapps\WebMarket.war]을(를) 배치합니다.
22-Aug-2023 15:36:20.109 INFO [main] org.apache.catalina.startup.HostConfig.deployWAR 웹 애플리케이션 아카이브 [C:\Users\it\Documents\jspwrokspace\apache-tomcat-9.0.71\webapps\WebMarket.war]의 배치가 [218] 밀리초에 완료되었습니다.
22-Aug-2023 15:36:20.110 INFO [main] org.apache.catalina.startup.HostConfig.deployDirectory 웹 애플리케이션 디렉토리 [C:\Users\it\Documents\jspwrokspace\apache-tomcat-9.0.71\webapps\docs]을(를) 배치합니다.
22-Aug-2023 15:36:20.128 INFO [main] org.apache.catalina.startup.HostConfig.deployDirectory 웹 애플리케이션 디렉토리 [C:\Users\it\Documents\jspwrokspace\apache-tomcat-9.0.71\webapps\docs]에 대한 배치가 [18] 밀리초에 완료되었습니다.
22-Aug-2023 15:36:20.129 INFO [main] org.apache.catalina.startup.HostConfig.deployDirectory 웹 애플리케이션 디렉토리 [C:\Users\it\Documents\jspwrokspace\apache-tomcat-9.0.71\webapps\examples]을(를) 배치합니다.
22-Aug-2023 15:36:20.367 INFO [main] org.apache.catalina.startup.HostConfig.deployDirectory 웹 애플리케이션 디렉토리 [C:\Users\it\Documents\jspwrokspace\apache-tomcat-9.0.71\webapps\examples]에 대한 배치가 [237] 밀리초에 완료되었습니다.
22-Aug-2023 15:36:20.368 INFO [main] org.apache.catalina.startup.HostConfig.deployDirectory 웹 애플리케이션 디렉토리 [C:\Users\it\Documents\jspwrokspace\apache-tomcat-9.0.71\webapps\host-manager]을(를) 배치합니다.
22-Aug-2023 15:36:20.393 INFO [main] org.apache.catalina.startup.HostConfig.deployDirectory 웹 애플리케이션 디렉토리 [C:\Users\it\Documents\jspwrokspace\apache-tomcat-9.0.71\webapps\host-manager]에 대한 배치가 [25] 밀리초에 완료되었습니다.
22-Aug-2023 15:36:20.393 INFO [main] org.apache.catalina.startup.HostConfig.deployDirectory 웹 애플리케이션 디렉토리 [C:\Users\it\Documents\jspwrokspace\apache-tomcat-9.0.71\webapps\manager]을(를) 배치합니다.
22-Aug-2023 15:36:20.417 INFO [main] org.apache.catalina.startup.HostConfig.deployDirectory 웹 애플리케이션 디렉토리 [C:\Users\it\Documents\jspwrokspace\apache-tomcat-9.0.71\webapps\manager]에 대한 배치가 [24] 밀리초에 완료되었습니다.
22-Aug-2023 15:36:20.418 INFO [main] org.apache.catalina.startup.HostConfig.deployDirectory 웹 애플리케이션 디렉토리 [C:\Users\it\Documents\jspwrokspace\apache-tomcat-9.0.71\webapps\ROOT]을(를) 배치합니다.
22-Aug-2023 15:36:20.435 INFO [main] org.apache.catalina.startup.HostConfig.deployDirectory 웹 애플리케이션 디렉토리 [C:\Users\it\Documents\jspwrokspace\apache-tomcat-9.0.71\webapps\ROOT]에 대한 배치가 [16] 밀리초에 완료되었습니다.
22-Aug-2023 15:36:20.438 INFO [main] org.apache.coyote.AbstractProtocol.start 프로토콜 핸들러 ["http-nio-8080"]을(를) 시작합니다.
22-Aug-2023 15:36:20.463 INFO [main] org.apache.catalina.startup.Catalina.start 서버가 [631] 밀리초 내에 시작되었습니다.
22-Aug-2023 15:52:32.059 INFO [Catalina-utility-2] org.apache.catalina.startup.HostConfig.undeploy 컨텍스트 [/WebMarket]의 배치를 제거합니다.
22-Aug-2023 15:52:32.079 INFO [Catalina-utility-2] org.apache.catalina.startup.HostConfig.deployWAR 웹 애플리케이션 아카이브 [C:\Users\it\Documents\jspwrokspace\apache-tomcat-9.0.71\webapps\WebMarket.war]을(를) 배치합니다.
22-Aug-2023 15:52:32.134 INFO [Catalina-utility-2] org.apache.catalina.startup.HostConfig.deployWAR 웹 애플리케이션 아카이브 [C:\Users\it\Documents\jspwrokspace\apache-tomcat-9.0.71\webapps\WebMarket.war]의 배치가 [55] 밀리초에 완료되었습니다.
22-Aug-2023 15:52:35.309 INFO [main] org.apache.catalina.startup.VersionLoggerListener.log 서버 버전 이름:    Apache Tomcat/9.0.71
22-Aug-2023 15:52:35.311 INFO [main] org.apache.catalina.startup.VersionLoggerListener.log Server 빌드 시각:  Jan 9 2023 22:33:01 UTC
22-Aug-2023 15:52:35.312 INFO [main] org.apache.catalina.startup.VersionLoggerListener.log Server 버전 번호:  9.0.71.0
22-Aug-2023 15:52:35.312 INFO [main] org.apache.catalina.startup.VersionLoggerListener.log 운영체제 이름:     Windows 10
22-Aug-2023 15:52:35.312 INFO [main] org.apache.catalina.startup.VersionLoggerListener.log 운영체제 버전:     10.0
22-Aug-2023 15:52:35.312 INFO [main] org.apache.catalina.startup.VersionLoggerListener.log 아키텍처:          amd64
22-Aug-2023 15:52:35.312 INFO [main] org.apache.catalina.startup.VersionLoggerListener.log 자바 홈:           C:\Program Files\Java\jdk-11
22-Aug-2023 15:52:35.313 INFO [main] org.apache.catalina.startup.VersionLoggerListener.log JVM 버전:          11.0.19+9-LTS-224
22-Aug-2023 15:52:35.313 INFO [main] org.apache.catalina.startup.VersionLoggerListener.log JVM 벤더:          Oracle Corporation
22-Aug-2023 15:52:35.313 INFO [main] org.apache.catalina.startup.VersionLoggerListener.log CATALINA_BASE:     C:\Users\it\Documents\jspwrokspace\apache-tomcat-9.0.71
22-Aug-2023 15:52:35.313 INFO [main] org.apache.catalina.startup.VersionLoggerListener.log CATALINA_HOME:     C:\Users\it\Documents\jspwrokspace\apache-tomcat-9.0.71
22-Aug-2023 15:52:35.320 INFO [main] org.apache.catalina.startup.VersionLoggerListener.log 명령 행 아규먼트:  --add-opens=java.base/java.lang=ALL-UNNAMED
22-Aug-2023 15:52:35.321 INFO [main] org.apache.catalina.startup.VersionLoggerListener.log 명령 행 아규먼트:  --add-opens=java.base/java.io=ALL-UNNAMED
22-Aug-2023 15:52:35.321 INFO [main] org.apache.catalina.startup.VersionLoggerListener.log 명령 행 아규먼트:  --add-opens=java.base/java.util=ALL-UNNAMED
22-Aug-2023 15:52:35.322 INFO [main] org.apache.catalina.startup.VersionLoggerListener.log 명령 행 아규먼트:  --add-opens=java.base/java.util.concurrent=ALL-UNNAMED
22-Aug-2023 15:52:35.322 INFO [main] org.apache.catalina.startup.VersionLoggerListener.log 명령 행 아규먼트:  --add-opens=java.rmi/sun.rmi.transport=ALL-UNNAMED
22-Aug-2023 15:52:35.322 INFO [main] org.apache.catalina.startup.VersionLoggerListener.log 명령 행 아규먼트:  -Djava.util.logging.config.file=C:\Users\it\Documents\jspwrokspace\apache-tomcat-9.0.71\conf\logging.properties
22-Aug-2023 15:52:35.323 INFO [main] org.apache.catalina.startup.VersionLoggerListener.log 명령 행 아규먼트:  -Djava.util.logging.manager=org.apache.juli.ClassLoaderLogManager
22-Aug-2023 15:52:35.323 INFO [main] org.apache.catalina.startup.VersionLoggerListener.log 명령 행 아규먼트:  -Djdk.tls.ephemeralDHKeySize=2048
22-Aug-2023 15:52:35.324 INFO [main] org.apache.catalina.startup.VersionLoggerListener.log 명령 행 아규먼트:  -Djava.protocol.handler.pkgs=org.apache.catalina.webresources
22-Aug-2023 15:52:35.324 INFO [main] org.apache.catalina.startup.VersionLoggerListener.log 명령 행 아규먼트:  -Dignore.endorsed.dirs=
22-Aug-2023 15:52:35.324 INFO [main] org.apache.catalina.startup.VersionLoggerListener.log 명령 행 아규먼트:  -Dcatalina.base=C:\Users\it\Documents\jspwrokspace\apache-tomcat-9.0.71
22-Aug-2023 15:52:35.325 INFO [main] org.apache.catalina.startup.VersionLoggerListener.log 명령 행 아규먼트:  -Dcatalina.home=C:\Users\it\Documents\jspwrokspace\apache-tomcat-9.0.71
22-Aug-2023 15:52:35.325 INFO [main] org.apache.catalina.startup.VersionLoggerListener.log 명령 행 아규먼트:  -Djava.io.tmpdir=C:\Users\it\Documents\jspwrokspace\apache-tomcat-9.0.71\temp
22-Aug-2023 15:52:35.330 INFO [main] org.apache.catalina.core.AprLifecycleListener.lifecycleEvent 프로덕션 환경들에서 최적의 성능을 제공하는, APR 기반 Apache Tomcat Native 라이브러리가, 다음 java.library.path에서 발견되지 않습니다: [C:\Program Files\Java\jdk-11\bin;C:\Windows\Sun\Java\bin;C:\Windows\system32;C:\Windows;C:\Program Files\Common Files\Oracle\Java\javapath;C:\oraclexe\app\oracle\product\11.2.0\server\bin;;C:\Windows\system32;C:\Windows;C:\Windows\System32\Wbem;C:\Windows\System32\WindowsPowerShell\v1.0\;C:\Windows\System32\OpenSSH\;C:\Program Files\Git\cmd;C:\Users\it\AppData\Local\Microsoft\WindowsApps;;C:\Users\it\AppData\Local\Programs\Microsoft VS Code\bin;.]
22-Aug-2023 15:52:35.528 INFO [main] org.apache.coyote.AbstractProtocol.init 프로토콜 핸들러 ["http-nio-8080"]을(를) 초기화합니다.
22-Aug-2023 15:52:35.540 SEVERE [main] org.apache.catalina.util.LifecycleBase.handleSubClassException 구성요소 [Connector[HTTP/1.1-8080]]을(를) 초기화하지 못했습니다.
	org.apache.catalina.LifecycleException: 프로토콜 핸들러 초기화가 실패했습니다.
		at org.apache.catalina.connector.Connector.initInternal(Connector.java:1050)
		at org.apache.catalina.util.LifecycleBase.init(LifecycleBase.java:136)
		at org.apache.catalina.core.StandardService.initInternal(StandardService.java:554)
		at org.apache.catalina.util.LifecycleBase.init(LifecycleBase.java:136)
		at org.apache.catalina.core.StandardServer.initInternal(StandardServer.java:1045)
		at org.apache.catalina.util.LifecycleBase.init(LifecycleBase.java:136)
		at org.apache.catalina.startup.Catalina.load(Catalina.java:724)
		at org.apache.catalina.startup.Catalina.load(Catalina.java:746)
		at java.base/jdk.internal.reflect.NativeMethodAccessorImpl.invoke0(Native Method)
		at java.base/jdk.internal.reflect.NativeMethodAccessorImpl.invoke(NativeMethodAccessorImpl.java:62)
		at java.base/jdk.internal.reflect.DelegatingMethodAccessorImpl.invoke(DelegatingMethodAccessorImpl.java:43)
		at java.base/java.lang.reflect.Method.invoke(Method.java:566)
		at org.apache.catalina.startup.Bootstrap.load(Bootstrap.java:307)
		at org.apache.catalina.startup.Bootstrap.main(Bootstrap.java:477)
	Caused by: java.net.BindException: Address already in use: bind
		at java.base/sun.nio.ch.Net.bind0(Native Method)
		at java.base/sun.nio.ch.Net.bind(Net.java:459)
		at java.base/sun.nio.ch.Net.bind(Net.java:448)
		at java.base/sun.nio.ch.ServerSocketChannelImpl.bind(ServerSocketChannelImpl.java:227)
		at org.apache.tomcat.util.net.NioEndpoint.initServerSocket(NioEndpoint.java:275)
		at org.apache.tomcat.util.net.NioEndpoint.bind(NioEndpoint.java:230)
		at org.apache.tomcat.util.net.AbstractEndpoint.bindWithCleanup(AbstractEndpoint.java:1227)
		at org.apache.tomcat.util.net.AbstractEndpoint.init(AbstractEndpoint.java:1240)
		at org.apache.coyote.AbstractProtocol.init(AbstractProtocol.java:604)
		at org.apache.coyote.http11.AbstractHttp11Protocol.init(AbstractHttp11Protocol.java:76)
		at org.apache.catalina.connector.Connector.initInternal(Connector.java:1047)
		... 13 more
22-Aug-2023 15:52:35.541 INFO [main] org.apache.catalina.startup.Catalina.load [389] 밀리초 내에 서버가 초기화되었습니다.
22-Aug-2023 15:52:35.583 INFO [main] org.apache.catalina.core.StandardService.startInternal 서비스 [Catalina]을(를) 시작합니다.
22-Aug-2023 15:52:35.584 INFO [main] org.apache.catalina.core.StandardEngine.startInternal 서버 엔진을 시작합니다: [Apache Tomcat/9.0.71]
22-Aug-2023 15:52:35.598 INFO [main] org.apache.catalina.startup.HostConfig.deployWAR 웹 애플리케이션 아카이브 [C:\Users\it\Documents\jspwrokspace\apache-tomcat-9.0.71\webapps\WebMarket.war]을(를) 배치합니다.
22-Aug-2023 15:52:35.824 INFO [main] org.apache.catalina.startup.HostConfig.deployWAR 웹 애플리케이션 아카이브 [C:\Users\it\Documents\jspwrokspace\apache-tomcat-9.0.71\webapps\WebMarket.war]의 배치가 [225] 밀리초에 완료되었습니다.
22-Aug-2023 15:52:35.826 INFO [main] org.apache.catalina.startup.HostConfig.deployDirectory 웹 애플리케이션 디렉토리 [C:\Users\it\Documents\jspwrokspace\apache-tomcat-9.0.71\webapps\docs]을(를) 배치합니다.
22-Aug-2023 15:52:35.846 INFO [main] org.apache.catalina.startup.HostConfig.deployDirectory 웹 애플리케이션 디렉토리 [C:\Users\it\Documents\jspwrokspace\apache-tomcat-9.0.71\webapps\docs]에 대한 배치가 [19] 밀리초에 완료되었습니다.
22-Aug-2023 15:52:35.846 INFO [main] org.apache.catalina.startup.HostConfig.deployDirectory 웹 애플리케이션 디렉토리 [C:\Users\it\Documents\jspwrokspace\apache-tomcat-9.0.71\webapps\examples]을(를) 배치합니다.
22-Aug-2023 15:52:36.095 INFO [main] org.apache.catalina.startup.HostConfig.deployDirectory 웹 애플리케이션 디렉토리 [C:\Users\it\Documents\jspwrokspace\apache-tomcat-9.0.71\webapps\examples]에 대한 배치가 [249] 밀리초에 완료되었습니다.
22-Aug-2023 15:52:36.096 INFO [main] org.apache.catalina.startup.HostConfig.deployDirectory 웹 애플리케이션 디렉토리 [C:\Users\it\Documents\jspwrokspace\apache-tomcat-9.0.71\webapps\host-manager]을(를) 배치합니다.
22-Aug-2023 15:52:36.122 INFO [main] org.apache.catalina.startup.HostConfig.deployDirectory 웹 애플리케이션 디렉토리 [C:\Users\it\Documents\jspwrokspace\apache-tomcat-9.0.71\webapps\host-manager]에 대한 배치가 [26] 밀리초에 완료되었습니다.
22-Aug-2023 15:52:36.123 INFO [main] org.apache.catalina.startup.HostConfig.deployDirectory 웹 애플리케이션 디렉토리 [C:\Users\it\Documents\jspwrokspace\apache-tomcat-9.0.71\webapps\manager]을(를) 배치합니다.
22-Aug-2023 15:52:36.144 INFO [main] org.apache.catalina.startup.HostConfig.deployDirectory 웹 애플리케이션 디렉토리 [C:\Users\it\Documents\jspwrokspace\apache-tomcat-9.0.71\webapps\manager]에 대한 배치가 [21] 밀리초에 완료되었습니다.
22-Aug-2023 15:52:36.145 INFO [main] org.apache.catalina.startup.HostConfig.deployDirectory 웹 애플리케이션 디렉토리 [C:\Users\it\Documents\jspwrokspace\apache-tomcat-9.0.71\webapps\ROOT]을(를) 배치합니다.
22-Aug-2023 15:52:36.162 INFO [main] org.apache.catalina.startup.HostConfig.deployDirectory 웹 애플리케이션 디렉토리 [C:\Users\it\Documents\jspwrokspace\apache-tomcat-9.0.71\webapps\ROOT]에 대한 배치가 [17] 밀리초에 완료되었습니다.
22-Aug-2023 15:52:36.166 INFO [main] org.apache.catalina.startup.Catalina.start 서버가 [623] 밀리초 내에 시작되었습니다.
22-Aug-2023 15:52:36.170 SEVERE [main] org.apache.catalina.core.StandardServer.await 주소 [localhost]와(과) 포트 [8005]에, 서버 셧다운 소켓을 생성하지 못했습니다. (base 포트 [8005], offset [0])
	java.net.BindException: Address already in use: NET_Bind
		at java.base/java.net.PlainSocketImpl.bind0(Native Method)
		at java.base/java.net.PlainSocketImpl.socketBind(PlainSocketImpl.java:132)
		at java.base/java.net.AbstractPlainSocketImpl.bind(AbstractPlainSocketImpl.java:452)
		at java.base/java.net.ServerSocket.bind(ServerSocket.java:381)
		at java.base/java.net.ServerSocket.<init>(ServerSocket.java:243)
		at org.apache.catalina.core.StandardServer.await(StandardServer.java:580)
		at org.apache.catalina.startup.Catalina.await(Catalina.java:864)
		at org.apache.catalina.startup.Catalina.start(Catalina.java:810)
		at java.base/jdk.internal.reflect.NativeMethodAccessorImpl.invoke0(Native Method)
		at java.base/jdk.internal.reflect.NativeMethodAccessorImpl.invoke(NativeMethodAccessorImpl.java:62)
		at java.base/jdk.internal.reflect.DelegatingMethodAccessorImpl.invoke(DelegatingMethodAccessorImpl.java:43)
		at java.base/java.lang.reflect.Method.invoke(Method.java:566)
		at org.apache.catalina.startup.Bootstrap.start(Bootstrap.java:347)
		at org.apache.catalina.startup.Bootstrap.main(Bootstrap.java:478)
22-Aug-2023 15:52:36.171 INFO [main] org.apache.coyote.AbstractProtocol.pause 프로토콜 핸들러 ["http-nio-8080"]을(를) 일시 정지 중
22-Aug-2023 15:52:36.172 INFO [main] org.apache.catalina.core.StandardService.stopInternal 서비스 [Catalina]을(를) 중지시킵니다.
22-Aug-2023 15:52:36.186 INFO [main] org.apache.coyote.AbstractProtocol.stop 프로토콜 핸들러 ["http-nio-8080"]을(를) 중지시킵니다.
22-Aug-2023 15:52:36.188 INFO [main] org.apache.coyote.AbstractProtocol.destroy 프로토콜 핸들러 ["http-nio-8080"]을(를) 소멸시킵니다.
22-Aug-2023 15:52:39.097 INFO [main] org.apache.catalina.startup.VersionLoggerListener.log 서버 버전 이름:    Apache Tomcat/9.0.71
22-Aug-2023 15:52:39.100 INFO [main] org.apache.catalina.startup.VersionLoggerListener.log Server 빌드 시각:  Jan 9 2023 22:33:01 UTC
22-Aug-2023 15:52:39.101 INFO [main] org.apache.catalina.startup.VersionLoggerListener.log Server 버전 번호:  9.0.71.0
22-Aug-2023 15:52:39.101 INFO [main] org.apache.catalina.startup.VersionLoggerListener.log 운영체제 이름:     Windows 10
22-Aug-2023 15:52:39.101 INFO [main] org.apache.catalina.startup.VersionLoggerListener.log 운영체제 버전:     10.0
22-Aug-2023 15:52:39.101 INFO [main] org.apache.catalina.startup.VersionLoggerListener.log 아키텍처:          amd64
22-Aug-2023 15:52:39.101 INFO [main] org.apache.catalina.startup.VersionLoggerListener.log 자바 홈:           C:\Program Files\Java\jdk-11
22-Aug-2023 15:52:39.101 INFO [main] org.apache.catalina.startup.VersionLoggerListener.log JVM 버전:          11.0.19+9-LTS-224
22-Aug-2023 15:52:39.102 INFO [main] org.apache.catalina.startup.VersionLoggerListener.log JVM 벤더:          Oracle Corporation
22-Aug-2023 15:52:39.102 INFO [main] org.apache.catalina.startup.VersionLoggerListener.log CATALINA_BASE:     C:\Users\it\Documents\jspwrokspace\apache-tomcat-9.0.71
22-Aug-2023 15:52:39.102 INFO [main] org.apache.catalina.startup.VersionLoggerListener.log CATALINA_HOME:     C:\Users\it\Documents\jspwrokspace\apache-tomcat-9.0.71
22-Aug-2023 15:52:39.110 INFO [main] org.apache.catalina.startup.VersionLoggerListener.log 명령 행 아규먼트:  --add-opens=java.base/java.lang=ALL-UNNAMED
22-Aug-2023 15:52:39.111 INFO [main] org.apache.catalina.startup.VersionLoggerListener.log 명령 행 아규먼트:  --add-opens=java.base/java.io=ALL-UNNAMED
22-Aug-2023 15:52:39.111 INFO [main] org.apache.catalina.startup.VersionLoggerListener.log 명령 행 아규먼트:  --add-opens=java.base/java.util=ALL-UNNAMED
22-Aug-2023 15:52:39.111 INFO [main] org.apache.catalina.startup.VersionLoggerListener.log 명령 행 아규먼트:  --add-opens=java.base/java.util.concurrent=ALL-UNNAMED
22-Aug-2023 15:52:39.112 INFO [main] org.apache.catalina.startup.VersionLoggerListener.log 명령 행 아규먼트:  --add-opens=java.rmi/sun.rmi.transport=ALL-UNNAMED
22-Aug-2023 15:52:39.113 INFO [main] org.apache.catalina.startup.VersionLoggerListener.log 명령 행 아규먼트:  -Djava.util.logging.config.file=C:\Users\it\Documents\jspwrokspace\apache-tomcat-9.0.71\conf\logging.properties
22-Aug-2023 15:52:39.113 INFO [main] org.apache.catalina.startup.VersionLoggerListener.log 명령 행 아규먼트:  -Djava.util.logging.manager=org.apache.juli.ClassLoaderLogManager
22-Aug-2023 15:52:39.114 INFO [main] org.apache.catalina.startup.VersionLoggerListener.log 명령 행 아규먼트:  -Djdk.tls.ephemeralDHKeySize=2048
22-Aug-2023 15:52:39.114 INFO [main] org.apache.catalina.startup.VersionLoggerListener.log 명령 행 아규먼트:  -Djava.protocol.handler.pkgs=org.apache.catalina.webresources
22-Aug-2023 15:52:39.114 INFO [main] org.apache.catalina.startup.VersionLoggerListener.log 명령 행 아규먼트:  -Dignore.endorsed.dirs=
22-Aug-2023 15:52:39.115 INFO [main] org.apache.catalina.startup.VersionLoggerListener.log 명령 행 아규먼트:  -Dcatalina.base=C:\Users\it\Documents\jspwrokspace\apache-tomcat-9.0.71
22-Aug-2023 15:52:39.115 INFO [main] org.apache.catalina.startup.VersionLoggerListener.log 명령 행 아규먼트:  -Dcatalina.home=C:\Users\it\Documents\jspwrokspace\apache-tomcat-9.0.71
22-Aug-2023 15:52:39.116 INFO [main] org.apache.catalina.startup.VersionLoggerListener.log 명령 행 아규먼트:  -Djava.io.tmpdir=C:\Users\it\Documents\jspwrokspace\apache-tomcat-9.0.71\temp
22-Aug-2023 15:52:39.120 INFO [main] org.apache.catalina.core.AprLifecycleListener.lifecycleEvent 프로덕션 환경들에서 최적의 성능을 제공하는, APR 기반 Apache Tomcat Native 라이브러리가, 다음 java.library.path에서 발견되지 않습니다: [C:\Program Files\Java\jdk-11\bin;C:\Windows\Sun\Java\bin;C:\Windows\system32;C:\Windows;C:\Program Files\Common Files\Oracle\Java\javapath;C:\oraclexe\app\oracle\product\11.2.0\server\bin;;C:\Windows\system32;C:\Windows;C:\Windows\System32\Wbem;C:\Windows\System32\WindowsPowerShell\v1.0\;C:\Windows\System32\OpenSSH\;C:\Program Files\Git\cmd;C:\Users\it\AppData\Local\Microsoft\WindowsApps;;C:\Users\it\AppData\Local\Programs\Microsoft VS Code\bin;.]
22-Aug-2023 15:52:39.334 INFO [main] org.apache.coyote.AbstractProtocol.init 프로토콜 핸들러 ["http-nio-8080"]을(를) 초기화합니다.
22-Aug-2023 15:52:39.347 SEVERE [main] org.apache.catalina.util.LifecycleBase.handleSubClassException 구성요소 [Connector[HTTP/1.1-8080]]을(를) 초기화하지 못했습니다.
	org.apache.catalina.LifecycleException: 프로토콜 핸들러 초기화가 실패했습니다.
		at org.apache.catalina.connector.Connector.initInternal(Connector.java:1050)
		at org.apache.catalina.util.LifecycleBase.init(LifecycleBase.java:136)
		at org.apache.catalina.core.StandardService.initInternal(StandardService.java:554)
		at org.apache.catalina.util.LifecycleBase.init(LifecycleBase.java:136)
		at org.apache.catalina.core.StandardServer.initInternal(StandardServer.java:1045)
		at org.apache.catalina.util.LifecycleBase.init(LifecycleBase.java:136)
		at org.apache.catalina.startup.Catalina.load(Catalina.java:724)
		at org.apache.catalina.startup.Catalina.load(Catalina.java:746)
		at java.base/jdk.internal.reflect.NativeMethodAccessorImpl.invoke0(Native Method)
		at java.base/jdk.internal.reflect.NativeMethodAccessorImpl.invoke(NativeMethodAccessorImpl.java:62)
		at java.base/jdk.internal.reflect.DelegatingMethodAccessorImpl.invoke(DelegatingMethodAccessorImpl.java:43)
		at java.base/java.lang.reflect.Method.invoke(Method.java:566)
		at org.apache.catalina.startup.Bootstrap.load(Bootstrap.java:307)
		at org.apache.catalina.startup.Bootstrap.main(Bootstrap.java:477)
	Caused by: java.net.BindException: Address already in use: bind
		at java.base/sun.nio.ch.Net.bind0(Native Method)
		at java.base/sun.nio.ch.Net.bind(Net.java:459)
		at java.base/sun.nio.ch.Net.bind(Net.java:448)
		at java.base/sun.nio.ch.ServerSocketChannelImpl.bind(ServerSocketChannelImpl.java:227)
		at org.apache.tomcat.util.net.NioEndpoint.initServerSocket(NioEndpoint.java:275)
		at org.apache.tomcat.util.net.NioEndpoint.bind(NioEndpoint.java:230)
		at org.apache.tomcat.util.net.AbstractEndpoint.bindWithCleanup(AbstractEndpoint.java:1227)
		at org.apache.tomcat.util.net.AbstractEndpoint.init(AbstractEndpoint.java:1240)
		at org.apache.coyote.AbstractProtocol.init(AbstractProtocol.java:604)
		at org.apache.coyote.http11.AbstractHttp11Protocol.init(AbstractHttp11Protocol.java:76)
		at org.apache.catalina.connector.Connector.initInternal(Connector.java:1047)
		... 13 more
22-Aug-2023 15:52:39.348 INFO [main] org.apache.catalina.startup.Catalina.load [415] 밀리초 내에 서버가 초기화되었습니다.
22-Aug-2023 15:52:39.398 INFO [main] org.apache.catalina.core.StandardService.startInternal 서비스 [Catalina]을(를) 시작합니다.
22-Aug-2023 15:52:39.399 INFO [main] org.apache.catalina.core.StandardEngine.startInternal 서버 엔진을 시작합니다: [Apache Tomcat/9.0.71]
22-Aug-2023 15:52:39.414 INFO [main] org.apache.catalina.startup.HostConfig.deployWAR 웹 애플리케이션 아카이브 [C:\Users\it\Documents\jspwrokspace\apache-tomcat-9.0.71\webapps\WebMarket.war]을(를) 배치합니다.
22-Aug-2023 15:52:39.645 INFO [main] org.apache.catalina.startup.HostConfig.deployWAR 웹 애플리케이션 아카이브 [C:\Users\it\Documents\jspwrokspace\apache-tomcat-9.0.71\webapps\WebMarket.war]의 배치가 [230] 밀리초에 완료되었습니다.
22-Aug-2023 15:52:39.647 INFO [main] org.apache.catalina.startup.HostConfig.deployDirectory 웹 애플리케이션 디렉토리 [C:\Users\it\Documents\jspwrokspace\apache-tomcat-9.0.71\webapps\docs]을(를) 배치합니다.
22-Aug-2023 15:52:39.668 INFO [main] org.apache.catalina.startup.HostConfig.deployDirectory 웹 애플리케이션 디렉토리 [C:\Users\it\Documents\jspwrokspace\apache-tomcat-9.0.71\webapps\docs]에 대한 배치가 [21] 밀리초에 완료되었습니다.
22-Aug-2023 15:52:39.669 INFO [main] org.apache.catalina.startup.HostConfig.deployDirectory 웹 애플리케이션 디렉토리 [C:\Users\it\Documents\jspwrokspace\apache-tomcat-9.0.71\webapps\examples]을(를) 배치합니다.
22-Aug-2023 15:52:39.923 INFO [main] org.apache.catalina.startup.HostConfig.deployDirectory 웹 애플리케이션 디렉토리 [C:\Users\it\Documents\jspwrokspace\apache-tomcat-9.0.71\webapps\examples]에 대한 배치가 [254] 밀리초에 완료되었습니다.
22-Aug-2023 15:52:39.924 INFO [main] org.apache.catalina.startup.HostConfig.deployDirectory 웹 애플리케이션 디렉토리 [C:\Users\it\Documents\jspwrokspace\apache-tomcat-9.0.71\webapps\host-manager]을(를) 배치합니다.
22-Aug-2023 15:52:39.951 INFO [main] org.apache.catalina.startup.HostConfig.deployDirectory 웹 애플리케이션 디렉토리 [C:\Users\it\Documents\jspwrokspace\apache-tomcat-9.0.71\webapps\host-manager]에 대한 배치가 [27] 밀리초에 완료되었습니다.
22-Aug-2023 15:52:39.952 INFO [main] org.apache.catalina.startup.HostConfig.deployDirectory 웹 애플리케이션 디렉토리 [C:\Users\it\Documents\jspwrokspace\apache-tomcat-9.0.71\webapps\manager]을(를) 배치합니다.
22-Aug-2023 15:52:39.975 INFO [main] org.apache.catalina.startup.HostConfig.deployDirectory 웹 애플리케이션 디렉토리 [C:\Users\it\Documents\jspwrokspace\apache-tomcat-9.0.71\webapps\manager]에 대한 배치가 [23] 밀리초에 완료되었습니다.
22-Aug-2023 15:52:39.976 INFO [main] org.apache.catalina.startup.HostConfig.deployDirectory 웹 애플리케이션 디렉토리 [C:\Users\it\Documents\jspwrokspace\apache-tomcat-9.0.71\webapps\ROOT]을(를) 배치합니다.
22-Aug-2023 15:52:39.997 INFO [main] org.apache.catalina.startup.HostConfig.deployDirectory 웹 애플리케이션 디렉토리 [C:\Users\it\Documents\jspwrokspace\apache-tomcat-9.0.71\webapps\ROOT]에 대한 배치가 [21] 밀리초에 완료되었습니다.
22-Aug-2023 15:52:40.002 INFO [main] org.apache.catalina.startup.Catalina.start 서버가 [653] 밀리초 내에 시작되었습니다.
22-Aug-2023 15:52:40.006 SEVERE [main] org.apache.catalina.core.StandardServer.await 주소 [localhost]와(과) 포트 [8005]에, 서버 셧다운 소켓을 생성하지 못했습니다. (base 포트 [8005], offset [0])
	java.net.BindException: Address already in use: NET_Bind
		at java.base/java.net.PlainSocketImpl.bind0(Native Method)
		at java.base/java.net.PlainSocketImpl.socketBind(PlainSocketImpl.java:132)
		at java.base/java.net.AbstractPlainSocketImpl.bind(AbstractPlainSocketImpl.java:452)
		at java.base/java.net.ServerSocket.bind(ServerSocket.java:381)
		at java.base/java.net.ServerSocket.<init>(ServerSocket.java:243)
		at org.apache.catalina.core.StandardServer.await(StandardServer.java:580)
		at org.apache.catalina.startup.Catalina.await(Catalina.java:864)
		at org.apache.catalina.startup.Catalina.start(Catalina.java:810)
		at java.base/jdk.internal.reflect.NativeMethodAccessorImpl.invoke0(Native Method)
		at java.base/jdk.internal.reflect.NativeMethodAccessorImpl.invoke(NativeMethodAccessorImpl.java:62)
		at java.base/jdk.internal.reflect.DelegatingMethodAccessorImpl.invoke(DelegatingMethodAccessorImpl.java:43)
		at java.base/java.lang.reflect.Method.invoke(Method.java:566)
		at org.apache.catalina.startup.Bootstrap.start(Bootstrap.java:347)
		at org.apache.catalina.startup.Bootstrap.main(Bootstrap.java:478)
22-Aug-2023 15:52:40.007 INFO [main] org.apache.coyote.AbstractProtocol.pause 프로토콜 핸들러 ["http-nio-8080"]을(를) 일시 정지 중
22-Aug-2023 15:52:40.008 INFO [main] org.apache.catalina.core.StandardService.stopInternal 서비스 [Catalina]을(를) 중지시킵니다.
22-Aug-2023 15:52:40.022 INFO [main] org.apache.coyote.AbstractProtocol.stop 프로토콜 핸들러 ["http-nio-8080"]을(를) 중지시킵니다.
22-Aug-2023 15:52:40.024 INFO [main] org.apache.coyote.AbstractProtocol.destroy 프로토콜 핸들러 ["http-nio-8080"]을(를) 소멸시킵니다.
22-Aug-2023 15:52:43.801 INFO [main] org.apache.catalina.core.StandardServer.await 셧다운 포트를 통해 유효한 셧다운 명령을 받았습니다. 서버 인스턴스를 중지시킵니다.
22-Aug-2023 15:52:43.803 INFO [main] org.apache.coyote.AbstractProtocol.pause 프로토콜 핸들러 ["http-nio-8080"]을(를) 일시 정지 중
22-Aug-2023 15:52:43.814 INFO [main] org.apache.catalina.core.StandardService.stopInternal 서비스 [Catalina]을(를) 중지시킵니다.
22-Aug-2023 15:52:43.827 INFO [main] org.apache.coyote.AbstractProtocol.stop 프로토콜 핸들러 ["http-nio-8080"]을(를) 중지시킵니다.
22-Aug-2023 15:52:43.840 INFO [main] org.apache.coyote.AbstractProtocol.destroy 프로토콜 핸들러 ["http-nio-8080"]을(를) 소멸시킵니다.
22-Aug-2023 15:52:45.293 INFO [main] org.apache.catalina.startup.VersionLoggerListener.log 서버 버전 이름:    Apache Tomcat/9.0.71
22-Aug-2023 15:52:45.295 INFO [main] org.apache.catalina.startup.VersionLoggerListener.log Server 빌드 시각:  Jan 9 2023 22:33:01 UTC
22-Aug-2023 15:52:45.296 INFO [main] org.apache.catalina.startup.VersionLoggerListener.log Server 버전 번호:  9.0.71.0
22-Aug-2023 15:52:45.296 INFO [main] org.apache.catalina.startup.VersionLoggerListener.log 운영체제 이름:     Windows 10
22-Aug-2023 15:52:45.296 INFO [main] org.apache.catalina.startup.VersionLoggerListener.log 운영체제 버전:     10.0
22-Aug-2023 15:52:45.296 INFO [main] org.apache.catalina.startup.VersionLoggerListener.log 아키텍처:          amd64
22-Aug-2023 15:52:45.296 INFO [main] org.apache.catalina.startup.VersionLoggerListener.log 자바 홈:           C:\Program Files\Java\jdk-11
22-Aug-2023 15:52:45.296 INFO [main] org.apache.catalina.startup.VersionLoggerListener.log JVM 버전:          11.0.19+9-LTS-224
22-Aug-2023 15:52:45.297 INFO [main] org.apache.catalina.startup.VersionLoggerListener.log JVM 벤더:          Oracle Corporation
22-Aug-2023 15:52:45.297 INFO [main] org.apache.catalina.startup.VersionLoggerListener.log CATALINA_BASE:     C:\Users\it\Documents\jspwrokspace\apache-tomcat-9.0.71
22-Aug-2023 15:52:45.297 INFO [main] org.apache.catalina.startup.VersionLoggerListener.log CATALINA_HOME:     C:\Users\it\Documents\jspwrokspace\apache-tomcat-9.0.71
22-Aug-2023 15:52:45.304 INFO [main] org.apache.catalina.startup.VersionLoggerListener.log 명령 행 아규먼트:  --add-opens=java.base/java.lang=ALL-UNNAMED
22-Aug-2023 15:52:45.305 INFO [main] org.apache.catalina.startup.VersionLoggerListener.log 명령 행 아규먼트:  --add-opens=java.base/java.io=ALL-UNNAMED
22-Aug-2023 15:52:45.305 INFO [main] org.apache.catalina.startup.VersionLoggerListener.log 명령 행 아규먼트:  --add-opens=java.base/java.util=ALL-UNNAMED
22-Aug-2023 15:52:45.306 INFO [main] org.apache.catalina.startup.VersionLoggerListener.log 명령 행 아규먼트:  --add-opens=java.base/java.util.concurrent=ALL-UNNAMED
22-Aug-2023 15:52:45.306 INFO [main] org.apache.catalina.startup.VersionLoggerListener.log 명령 행 아규먼트:  --add-opens=java.rmi/sun.rmi.transport=ALL-UNNAMED
22-Aug-2023 15:52:45.306 INFO [main] org.apache.catalina.startup.VersionLoggerListener.log 명령 행 아규먼트:  -Djava.util.logging.config.file=C:\Users\it\Documents\jspwrokspace\apache-tomcat-9.0.71\conf\logging.properties
22-Aug-2023 15:52:45.307 INFO [main] org.apache.catalina.startup.VersionLoggerListener.log 명령 행 아규먼트:  -Djava.util.logging.manager=org.apache.juli.ClassLoaderLogManager
22-Aug-2023 15:52:45.307 INFO [main] org.apache.catalina.startup.VersionLoggerListener.log 명령 행 아규먼트:  -Djdk.tls.ephemeralDHKeySize=2048
22-Aug-2023 15:52:45.307 INFO [main] org.apache.catalina.startup.VersionLoggerListener.log 명령 행 아규먼트:  -Djava.protocol.handler.pkgs=org.apache.catalina.webresources
22-Aug-2023 15:52:45.309 INFO [main] org.apache.catalina.startup.VersionLoggerListener.log 명령 행 아규먼트:  -Dignore.endorsed.dirs=
22-Aug-2023 15:52:45.309 INFO [main] org.apache.catalina.startup.VersionLoggerListener.log 명령 행 아규먼트:  -Dcatalina.base=C:\Users\it\Documents\jspwrokspace\apache-tomcat-9.0.71
22-Aug-2023 15:52:45.310 INFO [main] org.apache.catalina.startup.VersionLoggerListener.log 명령 행 아규먼트:  -Dcatalina.home=C:\Users\it\Documents\jspwrokspace\apache-tomcat-9.0.71
22-Aug-2023 15:52:45.310 INFO [main] org.apache.catalina.startup.VersionLoggerListener.log 명령 행 아규먼트:  -Djava.io.tmpdir=C:\Users\it\Documents\jspwrokspace\apache-tomcat-9.0.71\temp
22-Aug-2023 15:52:45.315 INFO [main] org.apache.catalina.core.AprLifecycleListener.lifecycleEvent 프로덕션 환경들에서 최적의 성능을 제공하는, APR 기반 Apache Tomcat Native 라이브러리가, 다음 java.library.path에서 발견되지 않습니다: [C:\Program Files\Java\jdk-11\bin;C:\Windows\Sun\Java\bin;C:\Windows\system32;C:\Windows;C:\Program Files\Common Files\Oracle\Java\javapath;C:\oraclexe\app\oracle\product\11.2.0\server\bin;;C:\Windows\system32;C:\Windows;C:\Windows\System32\Wbem;C:\Windows\System32\WindowsPowerShell\v1.0\;C:\Windows\System32\OpenSSH\;C:\Program Files\Git\cmd;C:\Users\it\AppData\Local\Microsoft\WindowsApps;;C:\Users\it\AppData\Local\Programs\Microsoft VS Code\bin;.]
22-Aug-2023 15:52:45.523 INFO [main] org.apache.coyote.AbstractProtocol.init 프로토콜 핸들러 ["http-nio-8080"]을(를) 초기화합니다.
22-Aug-2023 15:52:45.544 INFO [main] org.apache.catalina.startup.Catalina.load [414] 밀리초 내에 서버가 초기화되었습니다.
22-Aug-2023 15:52:45.587 INFO [main] org.apache.catalina.core.StandardService.startInternal 서비스 [Catalina]을(를) 시작합니다.
22-Aug-2023 15:52:45.588 INFO [main] org.apache.catalina.core.StandardEngine.startInternal 서버 엔진을 시작합니다: [Apache Tomcat/9.0.71]
22-Aug-2023 15:52:45.602 INFO [main] org.apache.catalina.startup.HostConfig.deployWAR 웹 애플리케이션 아카이브 [C:\Users\it\Documents\jspwrokspace\apache-tomcat-9.0.71\webapps\WebMarket.war]을(를) 배치합니다.
22-Aug-2023 15:52:45.853 INFO [main] org.apache.catalina.startup.HostConfig.deployWAR 웹 애플리케이션 아카이브 [C:\Users\it\Documents\jspwrokspace\apache-tomcat-9.0.71\webapps\WebMarket.war]의 배치가 [249] 밀리초에 완료되었습니다.
22-Aug-2023 15:52:45.854 INFO [main] org.apache.catalina.startup.HostConfig.deployDirectory 웹 애플리케이션 디렉토리 [C:\Users\it\Documents\jspwrokspace\apache-tomcat-9.0.71\webapps\docs]을(를) 배치합니다.
22-Aug-2023 15:52:45.873 INFO [main] org.apache.catalina.startup.HostConfig.deployDirectory 웹 애플리케이션 디렉토리 [C:\Users\it\Documents\jspwrokspace\apache-tomcat-9.0.71\webapps\docs]에 대한 배치가 [19] 밀리초에 완료되었습니다.
22-Aug-2023 15:52:45.874 INFO [main] org.apache.catalina.startup.HostConfig.deployDirectory 웹 애플리케이션 디렉토리 [C:\Users\it\Documents\jspwrokspace\apache-tomcat-9.0.71\webapps\examples]을(를) 배치합니다.
22-Aug-2023 15:52:46.141 INFO [main] org.apache.catalina.startup.HostConfig.deployDirectory 웹 애플리케이션 디렉토리 [C:\Users\it\Documents\jspwrokspace\apache-tomcat-9.0.71\webapps\examples]에 대한 배치가 [267] 밀리초에 완료되었습니다.
22-Aug-2023 15:52:46.142 INFO [main] org.apache.catalina.startup.HostConfig.deployDirectory 웹 애플리케이션 디렉토리 [C:\Users\it\Documents\jspwrokspace\apache-tomcat-9.0.71\webapps\host-manager]을(를) 배치합니다.
22-Aug-2023 15:52:46.173 INFO [main] org.apache.catalina.startup.HostConfig.deployDirectory 웹 애플리케이션 디렉토리 [C:\Users\it\Documents\jspwrokspace\apache-tomcat-9.0.71\webapps\host-manager]에 대한 배치가 [31] 밀리초에 완료되었습니다.
22-Aug-2023 15:52:46.174 INFO [main] org.apache.catalina.startup.HostConfig.deployDirectory 웹 애플리케이션 디렉토리 [C:\Users\it\Documents\jspwrokspace\apache-tomcat-9.0.71\webapps\manager]을(를) 배치합니다.
22-Aug-2023 15:52:46.198 INFO [main] org.apache.catalina.startup.HostConfig.deployDirectory 웹 애플리케이션 디렉토리 [C:\Users\it\Documents\jspwrokspace\apache-tomcat-9.0.71\webapps\manager]에 대한 배치가 [23] 밀리초에 완료되었습니다.
22-Aug-2023 15:52:46.202 INFO [main] org.apache.catalina.startup.HostConfig.deployDirectory 웹 애플리케이션 디렉토리 [C:\Users\it\Documents\jspwrokspace\apache-tomcat-9.0.71\webapps\ROOT]을(를) 배치합니다.
22-Aug-2023 15:52:46.221 INFO [main] org.apache.catalina.startup.HostConfig.deployDirectory 웹 애플리케이션 디렉토리 [C:\Users\it\Documents\jspwrokspace\apache-tomcat-9.0.71\webapps\ROOT]에 대한 배치가 [18] 밀리초에 완료되었습니다.
22-Aug-2023 15:52:46.224 INFO [main] org.apache.coyote.AbstractProtocol.start 프로토콜 핸들러 ["http-nio-8080"]을(를) 시작합니다.
22-Aug-2023 15:52:46.251 INFO [main] org.apache.catalina.startup.Catalina.start 서버가 [706] 밀리초 내에 시작되었습니다.
22-Aug-2023 15:57:02.054 INFO [main] org.apache.catalina.core.StandardServer.await 셧다운 포트를 통해 유효한 셧다운 명령을 받았습니다. 서버 인스턴스를 중지시킵니다.
22-Aug-2023 15:57:02.055 INFO [main] org.apache.coyote.AbstractProtocol.pause 프로토콜 핸들러 ["http-nio-8080"]을(를) 일시 정지 중
22-Aug-2023 15:57:02.066 INFO [main] org.apache.catalina.core.StandardService.stopInternal 서비스 [Catalina]을(를) 중지시킵니다.
22-Aug-2023 15:57:02.084 INFO [main] org.apache.coyote.AbstractProtocol.stop 프로토콜 핸들러 ["http-nio-8080"]을(를) 중지시킵니다.
22-Aug-2023 15:57:02.104 INFO [main] org.apache.coyote.AbstractProtocol.destroy 프로토콜 핸들러 ["http-nio-8080"]을(를) 소멸시킵니다.
22-Aug-2023 15:57:24.361 INFO [main] org.apache.catalina.startup.VersionLoggerListener.log 서버 버전 이름:    Apache Tomcat/9.0.71
22-Aug-2023 15:57:24.363 INFO [main] org.apache.catalina.startup.VersionLoggerListener.log Server 빌드 시각:  Jan 9 2023 22:33:01 UTC
22-Aug-2023 15:57:24.364 INFO [main] org.apache.catalina.startup.VersionLoggerListener.log Server 버전 번호:  9.0.71.0
22-Aug-2023 15:57:24.364 INFO [main] org.apache.catalina.startup.VersionLoggerListener.log 운영체제 이름:     Windows 10
22-Aug-2023 15:57:24.364 INFO [main] org.apache.catalina.startup.VersionLoggerListener.log 운영체제 버전:     10.0
22-Aug-2023 15:57:24.364 INFO [main] org.apache.catalina.startup.VersionLoggerListener.log 아키텍처:          amd64
22-Aug-2023 15:57:24.364 INFO [main] org.apache.catalina.startup.VersionLoggerListener.log 자바 홈:           C:\Program Files\Java\jdk-11
22-Aug-2023 15:57:24.364 INFO [main] org.apache.catalina.startup.VersionLoggerListener.log JVM 버전:          11.0.19+9-LTS-224
22-Aug-2023 15:57:24.365 INFO [main] org.apache.catalina.startup.VersionLoggerListener.log JVM 벤더:          Oracle Corporation
22-Aug-2023 15:57:24.365 INFO [main] org.apache.catalina.startup.VersionLoggerListener.log CATALINA_BASE:     C:\Users\it\Documents\jspwrokspace\apache-tomcat-9.0.71
22-Aug-2023 15:57:24.365 INFO [main] org.apache.catalina.startup.VersionLoggerListener.log CATALINA_HOME:     C:\Users\it\Documents\jspwrokspace\apache-tomcat-9.0.71
22-Aug-2023 15:57:24.372 INFO [main] org.apache.catalina.startup.VersionLoggerListener.log 명령 행 아규먼트:  --add-opens=java.base/java.lang=ALL-UNNAMED
22-Aug-2023 15:57:24.372 INFO [main] org.apache.catalina.startup.VersionLoggerListener.log 명령 행 아규먼트:  --add-opens=java.base/java.io=ALL-UNNAMED
22-Aug-2023 15:57:24.372 INFO [main] org.apache.catalina.startup.VersionLoggerListener.log 명령 행 아규먼트:  --add-opens=java.base/java.util=ALL-UNNAMED
22-Aug-2023 15:57:24.373 INFO [main] org.apache.catalina.startup.VersionLoggerListener.log 명령 행 아규먼트:  --add-opens=java.base/java.util.concurrent=ALL-UNNAMED
22-Aug-2023 15:57:24.373 INFO [main] org.apache.catalina.startup.VersionLoggerListener.log 명령 행 아규먼트:  --add-opens=java.rmi/sun.rmi.transport=ALL-UNNAMED
22-Aug-2023 15:57:24.373 INFO [main] org.apache.catalina.startup.VersionLoggerListener.log 명령 행 아규먼트:  -Djava.util.logging.config.file=C:\Users\it\Documents\jspwrokspace\apache-tomcat-9.0.71\conf\logging.properties
22-Aug-2023 15:57:24.373 INFO [main] org.apache.catalina.startup.VersionLoggerListener.log 명령 행 아규먼트:  -Djava.util.logging.manager=org.apache.juli.ClassLoaderLogManager
22-Aug-2023 15:57:24.374 INFO [main] org.apache.catalina.startup.VersionLoggerListener.log 명령 행 아규먼트:  -Djdk.tls.ephemeralDHKeySize=2048
22-Aug-2023 15:57:24.374 INFO [main] org.apache.catalina.startup.VersionLoggerListener.log 명령 행 아규먼트:  -Djava.protocol.handler.pkgs=org.apache.catalina.webresources
22-Aug-2023 15:57:24.374 INFO [main] org.apache.catalina.startup.VersionLoggerListener.log 명령 행 아규먼트:  -Dignore.endorsed.dirs=
22-Aug-2023 15:57:24.374 INFO [main] org.apache.catalina.startup.VersionLoggerListener.log 명령 행 아규먼트:  -Dcatalina.base=C:\Users\it\Documents\jspwrokspace\apache-tomcat-9.0.71
22-Aug-2023 15:57:24.375 INFO [main] org.apache.catalina.startup.VersionLoggerListener.log 명령 행 아규먼트:  -Dcatalina.home=C:\Users\it\Documents\jspwrokspace\apache-tomcat-9.0.71
22-Aug-2023 15:57:24.375 INFO [main] org.apache.catalina.startup.VersionLoggerListener.log 명령 행 아규먼트:  -Djava.io.tmpdir=C:\Users\it\Documents\jspwrokspace\apache-tomcat-9.0.71\temp
22-Aug-2023 15:57:24.380 INFO [main] org.apache.catalina.core.AprLifecycleListener.lifecycleEvent 프로덕션 환경들에서 최적의 성능을 제공하는, APR 기반 Apache Tomcat Native 라이브러리가, 다음 java.library.path에서 발견되지 않습니다: [C:\Program Files\Java\jdk-11\bin;C:\Windows\Sun\Java\bin;C:\Windows\system32;C:\Windows;C:\Program Files\Common Files\Oracle\Java\javapath;C:\oraclexe\app\oracle\product\11.2.0\server\bin;;C:\Windows\system32;C:\Windows;C:\Windows\System32\Wbem;C:\Windows\System32\WindowsPowerShell\v1.0\;C:\Windows\System32\OpenSSH\;C:\Program Files\Git\cmd;C:\Users\it\AppData\Local\Microsoft\WindowsApps;;C:\Users\it\AppData\Local\Programs\Microsoft VS Code\bin;.]
22-Aug-2023 15:57:24.582 INFO [main] org.apache.coyote.AbstractProtocol.init 프로토콜 핸들러 ["http-nio-8080"]을(를) 초기화합니다.
22-Aug-2023 15:57:24.600 INFO [main] org.apache.catalina.startup.Catalina.load [398] 밀리초 내에 서버가 초기화되었습니다.
22-Aug-2023 15:57:24.643 INFO [main] org.apache.catalina.core.StandardService.startInternal 서비스 [Catalina]을(를) 시작합니다.
22-Aug-2023 15:57:24.644 INFO [main] org.apache.catalina.core.StandardEngine.startInternal 서버 엔진을 시작합니다: [Apache Tomcat/9.0.71]
22-Aug-2023 15:57:24.658 INFO [main] org.apache.catalina.startup.HostConfig.deployWAR 웹 애플리케이션 아카이브 [C:\Users\it\Documents\jspwrokspace\apache-tomcat-9.0.71\webapps\WebMarket.war]을(를) 배치합니다.
22-Aug-2023 15:57:24.885 INFO [main] org.apache.catalina.startup.HostConfig.deployWAR 웹 애플리케이션 아카이브 [C:\Users\it\Documents\jspwrokspace\apache-tomcat-9.0.71\webapps\WebMarket.war]의 배치가 [226] 밀리초에 완료되었습니다.
22-Aug-2023 15:57:24.887 INFO [main] org.apache.catalina.startup.HostConfig.deployDirectory 웹 애플리케이션 디렉토리 [C:\Users\it\Documents\jspwrokspace\apache-tomcat-9.0.71\webapps\docs]을(를) 배치합니다.
22-Aug-2023 15:57:24.906 INFO [main] org.apache.catalina.startup.HostConfig.deployDirectory 웹 애플리케이션 디렉토리 [C:\Users\it\Documents\jspwrokspace\apache-tomcat-9.0.71\webapps\docs]에 대한 배치가 [19] 밀리초에 완료되었습니다.
22-Aug-2023 15:57:24.907 INFO [main] org.apache.catalina.startup.HostConfig.deployDirectory 웹 애플리케이션 디렉토리 [C:\Users\it\Documents\jspwrokspace\apache-tomcat-9.0.71\webapps\examples]을(를) 배치합니다.
22-Aug-2023 15:57:25.170 INFO [main] org.apache.catalina.startup.HostConfig.deployDirectory 웹 애플리케이션 디렉토리 [C:\Users\it\Documents\jspwrokspace\apache-tomcat-9.0.71\webapps\examples]에 대한 배치가 [263] 밀리초에 완료되었습니다.
22-Aug-2023 15:57:25.171 INFO [main] org.apache.catalina.startup.HostConfig.deployDirectory 웹 애플리케이션 디렉토리 [C:\Users\it\Documents\jspwrokspace\apache-tomcat-9.0.71\webapps\host-manager]을(를) 배치합니다.
22-Aug-2023 15:57:25.200 INFO [main] org.apache.catalina.startup.HostConfig.deployDirectory 웹 애플리케이션 디렉토리 [C:\Users\it\Documents\jspwrokspace\apache-tomcat-9.0.71\webapps\host-manager]에 대한 배치가 [28] 밀리초에 완료되었습니다.
22-Aug-2023 15:57:25.201 INFO [main] org.apache.catalina.startup.HostConfig.deployDirectory 웹 애플리케이션 디렉토리 [C:\Users\it\Documents\jspwrokspace\apache-tomcat-9.0.71\webapps\manager]을(를) 배치합니다.
22-Aug-2023 15:57:25.224 INFO [main] org.apache.catalina.startup.HostConfig.deployDirectory 웹 애플리케이션 디렉토리 [C:\Users\it\Documents\jspwrokspace\apache-tomcat-9.0.71\webapps\manager]에 대한 배치가 [23] 밀리초에 완료되었습니다.
22-Aug-2023 15:57:25.226 INFO [main] org.apache.catalina.startup.HostConfig.deployDirectory 웹 애플리케이션 디렉토리 [C:\Users\it\Documents\jspwrokspace\apache-tomcat-9.0.71\webapps\ROOT]을(를) 배치합니다.
22-Aug-2023 15:57:25.247 INFO [main] org.apache.catalina.startup.HostConfig.deployDirectory 웹 애플리케이션 디렉토리 [C:\Users\it\Documents\jspwrokspace\apache-tomcat-9.0.71\webapps\ROOT]에 대한 배치가 [21] 밀리초에 완료되었습니다.
22-Aug-2023 15:57:25.252 INFO [main] org.apache.coyote.AbstractProtocol.start 프로토콜 핸들러 ["http-nio-8080"]을(를) 시작합니다.
22-Aug-2023 15:57:25.276 INFO [main] org.apache.catalina.startup.Catalina.start 서버가 [675] 밀리초 내에 시작되었습니다.
