22-Aug-2023 15:21:39.963 INFO [main] org.apache.catalina.core.ApplicationContext.log ContextListener: contextInitialized()
22-Aug-2023 15:21:39.963 INFO [main] org.apache.catalina.core.ApplicationContext.log SessionListener: contextInitialized()
22-Aug-2023 15:21:39.965 INFO [main] org.apache.catalina.core.ApplicationContext.log ContextListener: attributeAdded('StockTicker', 'async.Stockticker@4201a617')
22-Aug-2023 15:24:38.289 INFO [main] org.apache.catalina.core.ApplicationContext.log ContextListener: contextInitialized()
22-Aug-2023 15:24:38.289 INFO [main] org.apache.catalina.core.ApplicationContext.log SessionListener: contextInitialized()
22-Aug-2023 15:24:38.290 INFO [main] org.apache.catalina.core.ApplicationContext.log ContextListener: attributeAdded('StockTicker', 'async.Stockticker@7a34b7b8')
22-Aug-2023 15:30:59.297 INFO [main] org.apache.catalina.core.ApplicationContext.log ContextListener: contextInitialized()
22-Aug-2023 15:30:59.297 INFO [main] org.apache.catalina.core.ApplicationContext.log SessionListener: contextInitialized()
22-Aug-2023 15:30:59.299 INFO [main] org.apache.catalina.core.ApplicationContext.log ContextListener: attributeAdded('StockTicker', 'async.Stockticker@64b31700')
22-Aug-2023 15:31:48.662 INFO [main] org.apache.catalina.core.ApplicationContext.log ContextListener: contextInitialized()
22-Aug-2023 15:31:48.662 INFO [main] org.apache.catalina.core.ApplicationContext.log SessionListener: contextInitialized()
22-Aug-2023 15:31:48.663 INFO [main] org.apache.catalina.core.ApplicationContext.log ContextListener: attributeAdded('StockTicker', 'async.Stockticker@420bc288')
22-Aug-2023 15:36:07.546 INFO [main] org.apache.catalina.core.ApplicationContext.log ContextListener: contextInitialized()
22-Aug-2023 15:36:07.546 INFO [main] org.apache.catalina.core.ApplicationContext.log SessionListener: contextInitialized()
22-Aug-2023 15:36:07.547 INFO [main] org.apache.catalina.core.ApplicationContext.log ContextListener: attributeAdded('StockTicker', 'async.Stockticker@5a772895')
22-Aug-2023 15:36:07.652 INFO [main] org.apache.catalina.core.ApplicationContext.log SessionListener: contextDestroyed()
22-Aug-2023 15:36:07.652 INFO [main] org.apache.catalina.core.ApplicationContext.log ContextListener: contextDestroyed()
22-Aug-2023 15:36:17.811 INFO [main] org.apache.catalina.core.ApplicationContext.log SessionListener: contextDestroyed()
22-Aug-2023 15:36:17.811 INFO [main] org.apache.catalina.core.ApplicationContext.log ContextListener: contextDestroyed()
22-Aug-2023 15:36:20.358 INFO [main] org.apache.catalina.core.ApplicationContext.log ContextListener: contextInitialized()
22-Aug-2023 15:36:20.358 INFO [main] org.apache.catalina.core.ApplicationContext.log SessionListener: contextInitialized()
22-Aug-2023 15:36:20.360 INFO [main] org.apache.catalina.core.ApplicationContext.log ContextListener: attributeAdded('StockTicker', 'async.Stockticker@25230246')
22-Aug-2023 15:52:36.086 INFO [main] org.apache.catalina.core.ApplicationContext.log ContextListener: contextInitialized()
22-Aug-2023 15:52:36.086 INFO [main] org.apache.catalina.core.ApplicationContext.log SessionListener: contextInitialized()
22-Aug-2023 15:52:36.087 INFO [main] org.apache.catalina.core.ApplicationContext.log ContextListener: attributeAdded('StockTicker', 'async.Stockticker@704b2127')
22-Aug-2023 15:52:36.179 INFO [main] org.apache.catalina.core.ApplicationContext.log SessionListener: contextDestroyed()
22-Aug-2023 15:52:36.179 INFO [main] org.apache.catalina.core.ApplicationContext.log ContextListener: contextDestroyed()
22-Aug-2023 15:52:39.914 INFO [main] org.apache.catalina.core.ApplicationContext.log ContextListener: contextInitialized()
22-Aug-2023 15:52:39.914 INFO [main] org.apache.catalina.core.ApplicationContext.log SessionListener: contextInitialized()
22-Aug-2023 15:52:39.915 INFO [main] org.apache.catalina.core.ApplicationContext.log ContextListener: attributeAdded('StockTicker', 'async.Stockticker@704b2127')
22-Aug-2023 15:52:40.015 INFO [main] org.apache.catalina.core.ApplicationContext.log SessionListener: contextDestroyed()
22-Aug-2023 15:52:40.015 INFO [main] org.apache.catalina.core.ApplicationContext.log ContextListener: contextDestroyed()
22-Aug-2023 15:52:43.818 INFO [main] org.apache.catalina.core.ApplicationContext.log SessionListener: contextDestroyed()
22-Aug-2023 15:52:43.818 INFO [main] org.apache.catalina.core.ApplicationContext.log ContextListener: contextDestroyed()
22-Aug-2023 15:52:46.129 INFO [main] org.apache.catalina.core.ApplicationContext.log ContextListener: contextInitialized()
22-Aug-2023 15:52:46.130 INFO [main] org.apache.catalina.core.ApplicationContext.log SessionListener: contextInitialized()
22-Aug-2023 15:52:46.131 INFO [main] org.apache.catalina.core.ApplicationContext.log ContextListener: attributeAdded('StockTicker', 'async.Stockticker@54e81b21')
22-Aug-2023 15:57:02.072 INFO [main] org.apache.catalina.core.ApplicationContext.log SessionListener: contextDestroyed()
22-Aug-2023 15:57:02.073 INFO [main] org.apache.catalina.core.ApplicationContext.log ContextListener: contextDestroyed()
22-Aug-2023 15:57:25.152 INFO [main] org.apache.catalina.core.ApplicationContext.log ContextListener: contextInitialized()
22-Aug-2023 15:57:25.152 INFO [main] org.apache.catalina.core.ApplicationContext.log SessionListener: contextInitialized()
22-Aug-2023 15:57:25.154 INFO [main] org.apache.catalina.core.ApplicationContext.log ContextListener: attributeAdded('StockTicker', 'async.Stockticker@3f3ddbd9')
